{"numTotalTestSuites":126,"numPassedTestSuites":122,"numFailedTestSuites":4,"numPendingTestSuites":0,"numTotalTests":320,"numPassedTests":320,"numFailedTests":0,"numPendingTests":0,"numTodoTests":0,"startTime":1767822709675,"success":false,"testResults":[{"assertionResults":[{"ancestorTitles":["","Gen 88 Baseline"],"fullName":" Gen 88 Baseline should verify that the cleanroom is active","status":"passed","title":"should verify that the cleanroom is active","duration":1,"failureMessages":[]}],"startTime":1767822710600,"endTime":1767822710601,"status":"passed","message":"","name":"C:/Dev/active/hfo_gen88/hot_obsidian_sandbox/bronze/baseline.test.ts"},{"assertionResults":[],"startTime":1767822709675,"endTime":1767822709675,"status":"failed","message":"Failed to load url ./baton-validator (resolved id: ./baton-validator) in C:/Dev/active/hfo_gen88/hot_obsidian_sandbox/bronze/baton-validator.test.ts. Does the file exist?","name":"C:/Dev/active/hfo_gen88/hot_obsidian_sandbox/bronze/baton-validator.test.ts"},{"assertionResults":[{"ancestorTitles":["","OBSIDIAN Stigmergy Format - Property Tests","Property 1: Port-Verb Consistency (OBSIDIAN Mapping)"],"fullName":" OBSIDIAN Stigmergy Format - Property Tests Property 1: Port-Verb Consistency (OBSIDIAN Mapping) port and verb must be consistent for all generated events","status":"passed","title":"port and verb must be consistent for all generated events","duration":46,"failureMessages":[]},{"ancestorTitles":["","OBSIDIAN Stigmergy Format - Property Tests","Property 1: Port-Verb Consistency (OBSIDIAN Mapping)"],"fullName":" OBSIDIAN Stigmergy Format - Property Tests Property 1: Port-Verb Consistency (OBSIDIAN Mapping) should reject events with mismatched port-verb","status":"passed","title":"should reject events with mismatched port-verb","duration":4,"failureMessages":[]},{"ancestorTitles":["","OBSIDIAN Stigmergy Format - Property Tests","Property 2: Port-Phase Consistency (HIVE Mapping)"],"fullName":" OBSIDIAN Stigmergy Format - Property Tests Property 2: Port-Phase Consistency (HIVE Mapping) port and phase must be consistent for all generated events","status":"passed","title":"port and phase must be consistent for all generated events","duration":16,"failureMessages":[]},{"ancestorTitles":["","OBSIDIAN Stigmergy Format - Property Tests","Property 3: Type-Verb Consistency"],"fullName":" OBSIDIAN Stigmergy Format - Property Tests Property 3: Type-Verb Consistency event type verb must match obsidianverb","status":"passed","title":"event type verb must match obsidianverb","duration":12,"failureMessages":[]},{"ancestorTitles":["","OBSIDIAN Stigmergy Format - Property Tests","Property 4: Source-Port Consistency"],"fullName":" OBSIDIAN Stigmergy Format - Property Tests Property 4: Source-Port Consistency source URI port must match obsidianport","status":"passed","title":"source URI port must match obsidianport","duration":15,"failureMessages":[]},{"ancestorTitles":["","OBSIDIAN Stigmergy Format - Property Tests","Property 5: Hive-Gen Consistency"],"fullName":" OBSIDIAN Stigmergy Format - Property Tests Property 5: Hive-Gen Consistency hive generation must match obsidiangen","status":"passed","title":"hive generation must match obsidiangen","duration":11,"failureMessages":[]},{"ancestorTitles":["","OBSIDIAN Stigmergy Format - Property Tests","Property 6: Round-Trip Serialization"],"fullName":" OBSIDIAN Stigmergy Format - Property Tests Property 6: Round-Trip Serialization toJsonl then fromJsonl produces equivalent event","status":"passed","title":"toJsonl then fromJsonl produces equivalent event","duration":34,"failureMessages":[]},{"ancestorTitles":["","OBSIDIAN Stigmergy Format - Property Tests","Property 7: Schema Validation Completeness"],"fullName":" OBSIDIAN Stigmergy Format - Property Tests Property 7: Schema Validation Completeness factory-created events always pass schema validation","status":"passed","title":"factory-created events always pass schema validation","duration":37,"failureMessages":[]},{"ancestorTitles":["","OBSIDIAN Stigmergy Format - Property Tests","Property 8: Traceparent Format"],"fullName":" OBSIDIAN Stigmergy Format - Property Tests Property 8: Traceparent Format traceparent follows W3C format","status":"passed","title":"traceparent follows W3C format","duration":25,"failureMessages":[]},{"ancestorTitles":["","OBSIDIAN Stigmergy Format - Property Tests","Boundary: Invalid Formats"],"fullName":" OBSIDIAN Stigmergy Format - Property Tests Boundary: Invalid Formats should reject invalid source format","status":"passed","title":"should reject invalid source format","duration":2,"failureMessages":[]},{"ancestorTitles":["","OBSIDIAN Stigmergy Format - Property Tests","Boundary: Invalid Formats"],"fullName":" OBSIDIAN Stigmergy Format - Property Tests Boundary: Invalid Formats should reject invalid type format","status":"passed","title":"should reject invalid type format","duration":1,"failureMessages":[]},{"ancestorTitles":["","OBSIDIAN Stigmergy Format - Property Tests","Boundary: Invalid Formats"],"fullName":" OBSIDIAN Stigmergy Format - Property Tests Boundary: Invalid Formats should reject invalid hive format","status":"passed","title":"should reject invalid hive format","duration":1,"failureMessages":[]},{"ancestorTitles":["","OBSIDIAN Stigmergy Format - Property Tests","Property 9: Traceparent Character Distribution"],"fullName":" OBSIDIAN Stigmergy Format - Property Tests Property 9: Traceparent Character Distribution generates IDs with varying characters (kills math mutants)","status":"passed","title":"generates IDs with varying characters (kills math mutants)","duration":0,"failureMessages":[]},{"ancestorTitles":["","OBSIDIAN Stigmergy Format - Property Tests","Integration: File Parsing"],"fullName":" OBSIDIAN Stigmergy Format - Property Tests Integration: File Parsing should parse multiple events from JSONL string","status":"passed","title":"should parse multiple events from JSONL string","duration":1,"failureMessages":[]},{"ancestorTitles":["","OBSIDIAN Stigmergy Format - Property Tests","Integration: File Parsing"],"fullName":" OBSIDIAN Stigmergy Format - Property Tests Integration: File Parsing should ignore empty lines in JSONL","status":"passed","title":"should ignore empty lines in JSONL","duration":1,"failureMessages":[]},{"ancestorTitles":["","OBSIDIAN Stigmergy Format - Mutation Tests","Mutation 1: Invalid Port Values"],"fullName":" OBSIDIAN Stigmergy Format - Mutation Tests Mutation 1: Invalid Port Values should reject port values outside 0-7","status":"passed","title":"should reject port values outside 0-7","duration":1,"failureMessages":[]},{"ancestorTitles":["","OBSIDIAN Stigmergy Format - Mutation Tests","Mutation 2: Invalid Verb Values"],"fullName":" OBSIDIAN Stigmergy Format - Mutation Tests Mutation 2: Invalid Verb Values should reject verbs not in OBSIDIAN set","status":"passed","title":"should reject verbs not in OBSIDIAN set","duration":1,"failureMessages":[]},{"ancestorTitles":["","OBSIDIAN Stigmergy Format - Mutation Tests","Mutation 3: Mismatched Port-Verb"],"fullName":" OBSIDIAN Stigmergy Format - Mutation Tests Mutation 3: Mismatched Port-Verb should reject events where port does not match verb","status":"passed","title":"should reject events where port does not match verb","duration":0,"failureMessages":[]},{"ancestorTitles":["","OBSIDIAN Stigmergy Format - Mutation Tests","Mutation 4: Mismatched Port-Phase"],"fullName":" OBSIDIAN Stigmergy Format - Mutation Tests Mutation 4: Mismatched Port-Phase should reject events where port does not match phase","status":"passed","title":"should reject events where port does not match phase","duration":1,"failureMessages":[]},{"ancestorTitles":["","OBSIDIAN Stigmergy Format - Mutation Tests","Mutation 5: Invalid Traceparent Format"],"fullName":" OBSIDIAN Stigmergy Format - Mutation Tests Mutation 5: Invalid Traceparent Format should reject malformed traceparent","status":"passed","title":"should reject malformed traceparent","duration":0,"failureMessages":[]},{"ancestorTitles":["","OBSIDIAN Stigmergy Format - Mutation Tests","Mutation 6: Invalid Source URI"],"fullName":" OBSIDIAN Stigmergy Format - Mutation Tests Mutation 6: Invalid Source URI should reject malformed source URIs","status":"passed","title":"should reject malformed source URIs","duration":1,"failureMessages":[]},{"ancestorTitles":["","OBSIDIAN Stigmergy Format - Mutation Tests","Mutation 7: Invalid Event Type Format"],"fullName":" OBSIDIAN Stigmergy Format - Mutation Tests Mutation 7: Invalid Event Type Format should reject malformed event types","status":"passed","title":"should reject malformed event types","duration":1,"failureMessages":[]},{"ancestorTitles":["","OBSIDIAN Stigmergy Format - Mutation Tests","Mutation 8: Mismatched Hive-Gen"],"fullName":" OBSIDIAN Stigmergy Format - Mutation Tests Mutation 8: Mismatched Hive-Gen should reject events where hive does not match gen","status":"passed","title":"should reject events where hive does not match gen","duration":1,"failureMessages":[]},{"ancestorTitles":["","OBSIDIAN Stigmergy Format - Edge Cases"],"fullName":" OBSIDIAN Stigmergy Format - Edge Cases should handle empty data payload","status":"passed","title":"should handle empty data payload","duration":0,"failureMessages":[]},{"ancestorTitles":["","OBSIDIAN Stigmergy Format - Edge Cases"],"fullName":" OBSIDIAN Stigmergy Format - Edge Cases should handle complex nested data payload","status":"passed","title":"should handle complex nested data payload","duration":0,"failureMessages":[]},{"ancestorTitles":["","OBSIDIAN Stigmergy Format - Edge Cases"],"fullName":" OBSIDIAN Stigmergy Format - Edge Cases should handle all 8 ports correctly","status":"passed","title":"should handle all 8 ports correctly","duration":2,"failureMessages":[]},{"ancestorTitles":["","OBSIDIAN Stigmergy Format - Edge Cases"],"fullName":" OBSIDIAN Stigmergy Format - Edge Cases should handle all 3 layers correctly","status":"passed","title":"should handle all 3 layers correctly","duration":0,"failureMessages":[]},{"ancestorTitles":["","OBSIDIAN Stigmergy Format - Edge Cases"],"fullName":" OBSIDIAN Stigmergy Format - Edge Cases should handle BDD fields (given/when/then)","status":"passed","title":"should handle BDD fields (given/when/then)","duration":1,"failureMessages":[]}],"startTime":1767822711132,"endTime":1767822711351,"status":"passed","message":"","name":"C:/Dev/active/hfo_gen88/hot_obsidian_sandbox/bronze/contracts/obsidian-stigmergy.test.ts"},{"assertionResults":[{"ancestorTitles":["","Property 17: Receipt Hash Integrity","Hash Computation"],"fullName":" Property 17: Receipt Hash Integrity Hash Computation same content produces same hash","status":"passed","title":"same content produces same hash","duration":2,"failureMessages":[]},{"ancestorTitles":["","Property 17: Receipt Hash Integrity","Hash Computation"],"fullName":" Property 17: Receipt Hash Integrity Hash Computation different content produces different hash","status":"passed","title":"different content produces different hash","duration":1,"failureMessages":[]},{"ancestorTitles":["","Property 17: Receipt Hash Integrity","Hash Computation"],"fullName":" Property 17: Receipt Hash Integrity Hash Computation hash has correct format","status":"passed","title":"hash has correct format","duration":0,"failureMessages":[]},{"ancestorTitles":["","Property 17: Receipt Hash Integrity","Receipt Creation"],"fullName":" Property 17: Receipt Hash Integrity Receipt Creation creates valid receipt with hash","status":"passed","title":"creates valid receipt with hash","duration":5,"failureMessages":[]},{"ancestorTitles":["","Property 17: Receipt Hash Integrity","Receipt Creation"],"fullName":" Property 17: Receipt Hash Integrity Receipt Creation receipt validates against schema","status":"passed","title":"receipt validates against schema","duration":3,"failureMessages":[]},{"ancestorTitles":["","Property 17: Receipt Hash Integrity","Receipt Creation"],"fullName":" Property 17: Receipt Hash Integrity Receipt Creation receipt has valid UUID","status":"passed","title":"receipt has valid UUID","duration":1,"failureMessages":[]},{"ancestorTitles":["","Property 17: Receipt Hash Integrity","Hash Verification"],"fullName":" Property 17: Receipt Hash Integrity Hash Verification valid receipt passes verification","status":"passed","title":"valid receipt passes verification","duration":0,"failureMessages":[]},{"ancestorTitles":["","Property 17: Receipt Hash Integrity","Hash Verification"],"fullName":" Property 17: Receipt Hash Integrity Hash Verification tampered receipt fails verification","status":"passed","title":"tampered receipt fails verification","duration":1,"failureMessages":[]},{"ancestorTitles":["","Property 17: Receipt Hash Integrity","Hash Verification"],"fullName":" Property 17: Receipt Hash Integrity Hash Verification tampered artifact fails verification","status":"passed","title":"tampered artifact fails verification","duration":0,"failureMessages":[]},{"ancestorTitles":["","Property 17: Receipt Hash Integrity","Silver Standard Validation"],"fullName":" Property 17: Receipt Hash Integrity Silver Standard Validation valid receipt passes Silver Standard","status":"passed","title":"valid receipt passes Silver Standard","duration":3,"failureMessages":[]},{"ancestorTitles":["","Property 17: Receipt Hash Integrity","Silver Standard Validation"],"fullName":" Property 17: Receipt Hash Integrity Silver Standard Validation low mutation score fails","status":"passed","title":"low mutation score fails","duration":0,"failureMessages":[]},{"ancestorTitles":["","Property 17: Receipt Hash Integrity","Silver Standard Validation"],"fullName":" Property 17: Receipt Hash Integrity Silver Standard Validation theater score (>98.99%) fails","status":"passed","title":"theater score (>98.99%) fails","duration":1,"failureMessages":[]},{"ancestorTitles":["","Property 17: Receipt Hash Integrity","Silver Standard Validation"],"fullName":" Property 17: Receipt Hash Integrity Silver Standard Validation missing property tests fails","status":"passed","title":"missing property tests fails","duration":0,"failureMessages":[]},{"ancestorTitles":["","Property 17: Receipt Hash Integrity","Silver Standard Validation"],"fullName":" Property 17: Receipt Hash Integrity Silver Standard Validation missing Zod contracts fails","status":"passed","title":"missing Zod contracts fails","duration":0,"failureMessages":[]},{"ancestorTitles":["","Property 17: Receipt Hash Integrity","Silver Standard Validation"],"fullName":" Property 17: Receipt Hash Integrity Silver Standard Validation missing provenance headers fails","status":"passed","title":"missing provenance headers fails","duration":1,"failureMessages":[]}],"startTime":1767822710700,"endTime":1767822710718,"status":"passed","message":"","name":"C:/Dev/active/hfo_gen88/hot_obsidian_sandbox/bronze/contracts/receipt-hash.test.ts"},{"assertionResults":[{"ancestorTitles":["","Property 14: Verb Enforcement","Verb Allowance"],"fullName":" Property 14: Verb Enforcement Verb Allowance P0 only allows OBSERVE and SENSE","status":"passed","title":"P0 only allows OBSERVE and SENSE","duration":2,"failureMessages":[]},{"ancestorTitles":["","Property 14: Verb Enforcement","Verb Allowance"],"fullName":" Property 14: Verb Enforcement Verb Allowance P1 only allows BRIDGE and FUSE","status":"passed","title":"P1 only allows BRIDGE and FUSE","duration":0,"failureMessages":[]},{"ancestorTitles":["","Property 14: Verb Enforcement","Verb Allowance"],"fullName":" Property 14: Verb Enforcement Verb Allowance P2 only allows SHAPE and TRANSFORM","status":"passed","title":"P2 only allows SHAPE and TRANSFORM","duration":1,"failureMessages":[]},{"ancestorTitles":["","Property 14: Verb Enforcement","Verb Allowance"],"fullName":" Property 14: Verb Enforcement Verb Allowance P3 only allows INJECT and DELIVER","status":"passed","title":"P3 only allows INJECT and DELIVER","duration":0,"failureMessages":[]},{"ancestorTitles":["","Property 14: Verb Enforcement","Verb Allowance"],"fullName":" Property 14: Verb Enforcement Verb Allowance P4 only allows DISRUPT, SING, SCREAM","status":"passed","title":"P4 only allows DISRUPT, SING, SCREAM","duration":1,"failureMessages":[]},{"ancestorTitles":["","Property 14: Verb Enforcement","Verb Allowance"],"fullName":" Property 14: Verb Enforcement Verb Allowance P5 only allows DANCE, DIE, IMMUNIZE","status":"passed","title":"P5 only allows DANCE, DIE, IMMUNIZE","duration":0,"failureMessages":[]},{"ancestorTitles":["","Property 14: Verb Enforcement","Verb Allowance"],"fullName":" Property 14: Verb Enforcement Verb Allowance P6 only allows ASSIMILATE and STORE","status":"passed","title":"P6 only allows ASSIMILATE and STORE","duration":0,"failureMessages":[]},{"ancestorTitles":["","Property 14: Verb Enforcement","Verb Allowance"],"fullName":" Property 14: Verb Enforcement Verb Allowance P7 only allows DECIDE and NAVIGATE","status":"passed","title":"P7 only allows DECIDE and NAVIGATE","duration":0,"failureMessages":[]},{"ancestorTitles":["","Property 14: Verb Enforcement","Verb Violation"],"fullName":" Property 14: Verb Enforcement Verb Violation creates valid violation record","status":"passed","title":"creates valid violation record","duration":2,"failureMessages":[]},{"ancestorTitles":["","Property 14: Verb Enforcement","Verb Violation"],"fullName":" Property 14: Verb Enforcement Verb Violation violation validates against schema","status":"passed","title":"violation validates against schema","duration":2,"failureMessages":[]},{"ancestorTitles":["","Property 14: Verb Enforcement","HIVE/8 Anti-Diagonal Pairings"],"fullName":" Property 14: Verb Enforcement HIVE/8 Anti-Diagonal Pairings all HIVE pairs sum to 7","status":"passed","title":"all HIVE pairs sum to 7","duration":0,"failureMessages":[]},{"ancestorTitles":["","Property 14: Verb Enforcement","HIVE/8 Anti-Diagonal Pairings"],"fullName":" Property 14: Verb Enforcement HIVE/8 Anti-Diagonal Pairings isValidHivePair returns true for valid pairs","status":"passed","title":"isValidHivePair returns true for valid pairs","duration":1,"failureMessages":[]},{"ancestorTitles":["","Property 14: Verb Enforcement","HIVE/8 Anti-Diagonal Pairings"],"fullName":" Property 14: Verb Enforcement HIVE/8 Anti-Diagonal Pairings isValidHivePair returns false for invalid pairs","status":"passed","title":"isValidHivePair returns false for invalid pairs","duration":0,"failureMessages":[]},{"ancestorTitles":["","Property 14: Verb Enforcement","HIVE/8 Anti-Diagonal Pairings"],"fullName":" Property 14: Verb Enforcement HIVE/8 Anti-Diagonal Pairings getHivePhase returns correct phase","status":"passed","title":"getHivePhase returns correct phase","duration":0,"failureMessages":[]},{"ancestorTitles":["","Property 14: Verb Enforcement","HIVE/8 Anti-Diagonal Pairings"],"fullName":" Property 14: Verb Enforcement HIVE/8 Anti-Diagonal Pairings getHivePhase returns null for invalid pairs","status":"passed","title":"getHivePhase returns null for invalid pairs","duration":1,"failureMessages":[]},{"ancestorTitles":["","Property 14: Verb Enforcement","PREY/8 Serpentine Pairings"],"fullName":" Property 14: Verb Enforcement PREY/8 Serpentine Pairings getPreyPhase returns correct phase","status":"passed","title":"getPreyPhase returns correct phase","duration":0,"failureMessages":[]},{"ancestorTitles":["","Property 14: Verb Enforcement","PREY/8 Serpentine Pairings"],"fullName":" Property 14: Verb Enforcement PREY/8 Serpentine Pairings getPreyPhase returns null for non-PREY pairs","status":"passed","title":"getPreyPhase returns null for non-PREY pairs","duration":1,"failureMessages":[]},{"ancestorTitles":["","Property 14: Verb Enforcement","All Ports Have Verbs"],"fullName":" Property 14: Verb Enforcement All Ports Have Verbs every port has at least one verb","status":"passed","title":"every port has at least one verb","duration":0,"failureMessages":[]},{"ancestorTitles":["","Property 14: Verb Enforcement","All Ports Have Verbs"],"fullName":" Property 14: Verb Enforcement All Ports Have Verbs no verb is shared between ports","status":"passed","title":"no verb is shared between ports","duration":1,"failureMessages":[]}],"startTime":1767822710700,"endTime":1767822710713,"status":"passed","message":"","name":"C:/Dev/active/hfo_gen88/hot_obsidian_sandbox/bronze/contracts/verb-enforcement.test.ts"},{"assertionResults":[{"ancestorTitles":["","Sentinel Grounding"],"fullName":" Sentinel Grounding exists as a concept","status":"passed","title":"exists as a concept","duration":3,"failureMessages":[]}],"startTime":1767822711217,"endTime":1767822711220,"status":"passed","message":"","name":"C:/Dev/active/hfo_gen88/hot_obsidian_sandbox/bronze/infra/tavily_search.test.ts"},{"assertionResults":[{"ancestorTitles":["","P0 LIDLESS LEGION - Property Tests","Property 2: Observation Logging Invariant"],"fullName":" P0 LIDLESS LEGION - Property Tests Property 2: Observation Logging Invariant every observation has a valid UUID","status":"passed","title":"every observation has a valid UUID","duration":3,"failureMessages":[]},{"ancestorTitles":["","P0 LIDLESS LEGION - Property Tests","Property 2: Observation Logging Invariant"],"fullName":" P0 LIDLESS LEGION - Property Tests Property 2: Observation Logging Invariant every observation has a timestamp","status":"passed","title":"every observation has a timestamp","duration":0,"failureMessages":[]},{"ancestorTitles":["","P0 LIDLESS LEGION - Property Tests","Property 2: Observation Logging Invariant"],"fullName":" P0 LIDLESS LEGION - Property Tests Property 2: Observation Logging Invariant observations validate against schema","status":"passed","title":"observations validate against schema","duration":3,"failureMessages":[]},{"ancestorTitles":["","P0 LIDLESS LEGION - Property Tests","Property 2: Observation Logging Invariant"],"fullName":" P0 LIDLESS LEGION - Property Tests Property 2: Observation Logging Invariant observation batches validate against schema","status":"passed","title":"observation batches validate against schema","duration":3,"failureMessages":[]},{"ancestorTitles":["","P0 LIDLESS LEGION - Property Tests","Property 2: Observation Logging Invariant"],"fullName":" P0 LIDLESS LEGION - Property Tests Property 2: Observation Logging Invariant confidence is bounded [0, 1]","status":"passed","title":"confidence is bounded [0, 1]","duration":1,"failureMessages":[]},{"ancestorTitles":["","P0 LIDLESS LEGION - Property Tests","Property 3: Separation of Concerns"],"fullName":" P0 LIDLESS LEGION - Property Tests Property 3: Separation of Concerns OBSERVE is an allowed verb","status":"passed","title":"OBSERVE is an allowed verb","duration":0,"failureMessages":[]},{"ancestorTitles":["","P0 LIDLESS LEGION - Property Tests","Property 3: Separation of Concerns"],"fullName":" P0 LIDLESS LEGION - Property Tests Property 3: Separation of Concerns SENSE is an allowed verb","status":"passed","title":"SENSE is an allowed verb","duration":0,"failureMessages":[]},{"ancestorTitles":["","P0 LIDLESS LEGION - Property Tests","Property 3: Separation of Concerns"],"fullName":" P0 LIDLESS LEGION - Property Tests Property 3: Separation of Concerns SHAPE is forbidden for P0","status":"passed","title":"SHAPE is forbidden for P0","duration":0,"failureMessages":[]},{"ancestorTitles":["","P0 LIDLESS LEGION - Property Tests","Property 3: Separation of Concerns"],"fullName":" P0 LIDLESS LEGION - Property Tests Property 3: Separation of Concerns STORE is forbidden for P0","status":"passed","title":"STORE is forbidden for P0","duration":1,"failureMessages":[]},{"ancestorTitles":["","P0 LIDLESS LEGION - Property Tests","Property 3: Separation of Concerns"],"fullName":" P0 LIDLESS LEGION - Property Tests Property 3: Separation of Concerns DECIDE is forbidden for P0","status":"passed","title":"DECIDE is forbidden for P0","duration":0,"failureMessages":[]},{"ancestorTitles":["","P0 LIDLESS LEGION - Property Tests","Property 3: Separation of Concerns"],"fullName":" P0 LIDLESS LEGION - Property Tests Property 3: Separation of Concerns INJECT is forbidden for P0","status":"passed","title":"INJECT is forbidden for P0","duration":0,"failureMessages":[]},{"ancestorTitles":["","P0 LIDLESS LEGION - Property Tests","Property 3: Separation of Concerns"],"fullName":" P0 LIDLESS LEGION - Property Tests Property 3: Separation of Concerns DISRUPT is forbidden for P0","status":"passed","title":"DISRUPT is forbidden for P0","duration":0,"failureMessages":[]},{"ancestorTitles":["","P0 LIDLESS LEGION - Property Tests","Property 3: Separation of Concerns"],"fullName":" P0 LIDLESS LEGION - Property Tests Property 3: Separation of Concerns IMMUNIZE is forbidden for P0","status":"passed","title":"IMMUNIZE is forbidden for P0","duration":1,"failureMessages":[]},{"ancestorTitles":["","P0 LIDLESS LEGION - Property Tests","Property 3: Separation of Concerns"],"fullName":" P0 LIDLESS LEGION - Property Tests Property 3: Separation of Concerns BRIDGE is forbidden for P0","status":"passed","title":"BRIDGE is forbidden for P0","duration":0,"failureMessages":[]},{"ancestorTitles":["","P0 LIDLESS LEGION - Property Tests","Property 3: Separation of Concerns"],"fullName":" P0 LIDLESS LEGION - Property Tests Property 3: Separation of Concerns ASSIMILATE is forbidden for P0","status":"passed","title":"ASSIMILATE is forbidden for P0","duration":0,"failureMessages":[]},{"ancestorTitles":["","P0 LIDLESS LEGION - Property Tests","Observation Filtering"],"fullName":" P0 LIDLESS LEGION - Property Tests Observation Filtering filters by source","status":"passed","title":"filters by source","duration":1,"failureMessages":[]},{"ancestorTitles":["","P0 LIDLESS LEGION - Property Tests","Observation Filtering"],"fullName":" P0 LIDLESS LEGION - Property Tests Observation Filtering filters by minimum confidence","status":"passed","title":"filters by minimum confidence","duration":0,"failureMessages":[]},{"ancestorTitles":["","P0 LIDLESS LEGION - Property Tests","Observation Filtering"],"fullName":" P0 LIDLESS LEGION - Property Tests Observation Filtering filters by tags (all must match)","status":"passed","title":"filters by tags (all must match)","duration":1,"failureMessages":[]},{"ancestorTitles":["","P0 LIDLESS LEGION - Property Tests","Observation Filtering"],"fullName":" P0 LIDLESS LEGION - Property Tests Observation Filtering respects limit","status":"passed","title":"respects limit","duration":0,"failureMessages":[]},{"ancestorTitles":["","P0 LIDLESS LEGION - Property Tests","Observation Filtering"],"fullName":" P0 LIDLESS LEGION - Property Tests Observation Filtering filter schema validates","status":"passed","title":"filter schema validates","duration":0,"failureMessages":[]}],"startTime":1767822710664,"endTime":1767822710679,"status":"passed","message":"","name":"C:/Dev/active/hfo_gen88/hot_obsidian_sandbox/bronze/P0_LIDLESS_LEGION/LIDLESS_LEGION.property.test.ts"},{"assertionResults":[{"ancestorTitles":["","Property 4: Message Bridging Validation"],"fullName":" Property 4: Message Bridging Validation bridge returns success for all valid messages","status":"passed","title":"bridge returns success for all valid messages","duration":25,"failureMessages":[]},{"ancestorTitles":["","Property 4: Message Bridging Validation"],"fullName":" Property 4: Message Bridging Validation bridge returns failure for all invalid messages","status":"passed","title":"bridge returns failure for all invalid messages","duration":12,"failureMessages":[]},{"ancestorTitles":["","Property 4: Message Bridging Validation"],"fullName":" Property 4: Message Bridging Validation bridged messages preserve data integrity","status":"passed","title":"bridged messages preserve data integrity","duration":10,"failureMessages":[]},{"ancestorTitles":["","VacuoleEnvelope Schema Validation"],"fullName":" VacuoleEnvelope Schema Validation all valid envelopes pass schema validation","status":"passed","title":"all valid envelopes pass schema validation","duration":25,"failureMessages":[]},{"ancestorTitles":["","VacuoleEnvelope Schema Validation"],"fullName":" VacuoleEnvelope Schema Validation wrapEnvelope creates valid envelopes for all inputs","status":"passed","title":"wrapEnvelope creates valid envelopes for all inputs","duration":16,"failureMessages":[]},{"ancestorTitles":["","SilverPromotionReceipt Schema Validation"],"fullName":" SilverPromotionReceipt Schema Validation all valid receipts pass schema validation","status":"passed","title":"all valid receipts pass schema validation","duration":11,"failureMessages":[]},{"ancestorTitles":["","SilverPromotionReceipt Schema Validation"],"fullName":" SilverPromotionReceipt Schema Validation receipts with score < 80 fail validation","status":"passed","title":"receipts with score < 80 fail validation","duration":11,"failureMessages":[]},{"ancestorTitles":["","SilverPromotionReceipt Schema Validation"],"fullName":" SilverPromotionReceipt Schema Validation receipts with score > 98.99 fail validation","status":"passed","title":"receipts with score > 98.99 fail validation","duration":9,"failureMessages":[]},{"ancestorTitles":["","Fuse Schema Composition"],"fullName":" Fuse Schema Composition fused schemas accept objects with all required fields","status":"passed","title":"fused schemas accept objects with all required fields","duration":3,"failureMessages":[]},{"ancestorTitles":["","Fuse Schema Composition"],"fullName":" Fuse Schema Composition fused schemas reject objects missing fields from either schema","status":"passed","title":"fused schemas reject objects missing fields from either schema","duration":4,"failureMessages":[]},{"ancestorTitles":["","StigmergyEvent Schema Validation"],"fullName":" StigmergyEvent Schema Validation validates all eventType enum values","status":"passed","title":"validates all eventType enum values","duration":1,"failureMessages":[]},{"ancestorTitles":["","StigmergyEvent Schema Validation"],"fullName":" StigmergyEvent Schema Validation rejects invalid eventType values","status":"passed","title":"rejects invalid eventType values","duration":1,"failureMessages":[]},{"ancestorTitles":["","StigmergyEvent Schema Validation"],"fullName":" StigmergyEvent Schema Validation validates sourcePort bounds (0-7)","status":"passed","title":"validates sourcePort bounds (0-7)","duration":1,"failureMessages":[]},{"ancestorTitles":["","StigmergyEvent Schema Validation"],"fullName":" StigmergyEvent Schema Validation validates correlationId is optional","status":"passed","title":"validates correlationId is optional","duration":1,"failureMessages":[]},{"ancestorTitles":["","StigmergyEvent Schema Validation"],"fullName":" StigmergyEvent Schema Validation all valid stigmergy events pass validation","status":"passed","title":"all valid stigmergy events pass validation","duration":16,"failureMessages":[]}],"startTime":1767822711146,"endTime":1767822711294,"status":"passed","message":"","name":"C:/Dev/active/hfo_gen88/hot_obsidian_sandbox/bronze/P1_WEB_WEAVER/WEB_WEAVER.property.test.ts"},{"assertionResults":[{"ancestorTitles":["","P1 Web Weaver","bridge()"],"fullName":" P1 Web Weaver bridge() validates valid messages against schema","status":"passed","title":"validates valid messages against schema","duration":4,"failureMessages":[]},{"ancestorTitles":["","P1 Web Weaver","bridge()"],"fullName":" P1 Web Weaver bridge() rejects invalid messages with errors","status":"passed","title":"rejects invalid messages with errors","duration":1,"failureMessages":[]},{"ancestorTitles":["","P1 Web Weaver","fuse()"],"fullName":" P1 Web Weaver fuse() merges two schemas","status":"passed","title":"merges two schemas","duration":0,"failureMessages":[]},{"ancestorTitles":["","P1 Web Weaver","fuse()"],"fullName":" P1 Web Weaver fuse() fused schema requires all fields","status":"passed","title":"fused schema requires all fields","duration":1,"failureMessages":[]},{"ancestorTitles":["","P1 Web Weaver","wrapEnvelope()"],"fullName":" P1 Web Weaver wrapEnvelope() creates valid VacuoleEnvelope","status":"passed","title":"creates valid VacuoleEnvelope","duration":4,"failureMessages":[]},{"ancestorTitles":["","P1 Web Weaver","wrapEnvelope()"],"fullName":" P1 Web Weaver wrapEnvelope() envelope passes schema validation","status":"passed","title":"envelope passes schema validation","duration":2,"failureMessages":[]},{"ancestorTitles":["","P1 Web Weaver","WebWeaver class"],"fullName":" P1 Web Weaver WebWeaver class validateEnvelope accepts valid envelopes","status":"passed","title":"validateEnvelope accepts valid envelopes","duration":0,"failureMessages":[]},{"ancestorTitles":["","P1 Web Weaver","WebWeaver class"],"fullName":" P1 Web Weaver WebWeaver class validateEnvelope rejects invalid envelopes","status":"passed","title":"validateEnvelope rejects invalid envelopes","duration":1,"failureMessages":[]},{"ancestorTitles":["","P1 Web Weaver","WebWeaver class"],"fullName":" P1 Web Weaver WebWeaver class validateReceipt accepts valid receipts","status":"passed","title":"validateReceipt accepts valid receipts","duration":1,"failureMessages":[]},{"ancestorTitles":["","P1 Web Weaver","WebWeaver class"],"fullName":" P1 Web Weaver WebWeaver class validateReceipt rejects scores below 80%","status":"passed","title":"validateReceipt rejects scores below 80%","duration":1,"failureMessages":[]},{"ancestorTitles":["","P1 Web Weaver","WebWeaver class"],"fullName":" P1 Web Weaver WebWeaver class validateReceipt rejects scores above 98.99%","status":"passed","title":"validateReceipt rejects scores above 98.99%","duration":0,"failureMessages":[]}],"startTime":1767822710721,"endTime":1767822710737,"status":"passed","message":"","name":"C:/Dev/active/hfo_gen88/hot_obsidian_sandbox/bronze/P1_WEB_WEAVER/WEB_WEAVER.test.ts"},{"assertionResults":[{"ancestorTitles":["","P2 MIRROR MAGUS - Property Tests","Property 5: Schema Transformation Round-Trip"],"fullName":" P2 MIRROR MAGUS - Property Tests Property 5: Schema Transformation Round-Trip invertible transformations round-trip correctly","status":"passed","title":"invertible transformations round-trip correctly","duration":2,"failureMessages":[]},{"ancestorTitles":["","P2 MIRROR MAGUS - Property Tests","Property 5: Schema Transformation Round-Trip"],"fullName":" P2 MIRROR MAGUS - Property Tests Property 5: Schema Transformation Round-Trip non-invertible transformations fail round-trip","status":"passed","title":"non-invertible transformations fail round-trip","duration":0,"failureMessages":[]},{"ancestorTitles":["","P2 MIRROR MAGUS - Property Tests","Property 5: Schema Transformation Round-Trip"],"fullName":" P2 MIRROR MAGUS - Property Tests Property 5: Schema Transformation Round-Trip transformation records validate against schema","status":"passed","title":"transformation records validate against schema","duration":5,"failureMessages":[]},{"ancestorTitles":["","P2 MIRROR MAGUS - Property Tests","Property 5: Schema Transformation Round-Trip"],"fullName":" P2 MIRROR MAGUS - Property Tests Property 5: Schema Transformation Round-Trip transformation has valid UUID","status":"passed","title":"transformation has valid UUID","duration":1,"failureMessages":[]},{"ancestorTitles":["","P2 MIRROR MAGUS - Property Tests","Property 5: Schema Transformation Round-Trip"],"fullName":" P2 MIRROR MAGUS - Property Tests Property 5: Schema Transformation Round-Trip transformation has timestamp","status":"passed","title":"transformation has timestamp","duration":1,"failureMessages":[]},{"ancestorTitles":["","P2 MIRROR MAGUS - Property Tests","Property 6: One Euro Filter Smoothing"],"fullName":" P2 MIRROR MAGUS - Property Tests Property 6: One Euro Filter Smoothing filter state initializes correctly","status":"passed","title":"filter state initializes correctly","duration":1,"failureMessages":[]},{"ancestorTitles":["","P2 MIRROR MAGUS - Property Tests","Property 6: One Euro Filter Smoothing"],"fullName":" P2 MIRROR MAGUS - Property Tests Property 6: One Euro Filter Smoothing first value passes through unchanged","status":"passed","title":"first value passes through unchanged","duration":0,"failureMessages":[]},{"ancestorTitles":["","P2 MIRROR MAGUS - Property Tests","Property 6: One Euro Filter Smoothing"],"fullName":" P2 MIRROR MAGUS - Property Tests Property 6: One Euro Filter Smoothing smoothing factor is bounded (0, 1)","status":"passed","title":"smoothing factor is bounded (0, 1)","duration":1,"failureMessages":[]},{"ancestorTitles":["","P2 MIRROR MAGUS - Property Tests","Property 6: One Euro Filter Smoothing"],"fullName":" P2 MIRROR MAGUS - Property Tests Property 6: One Euro Filter Smoothing exponential smoothing interpolates between values","status":"passed","title":"exponential smoothing interpolates between values","duration":0,"failureMessages":[]},{"ancestorTitles":["","P2 MIRROR MAGUS - Property Tests","Property 6: One Euro Filter Smoothing"],"fullName":" P2 MIRROR MAGUS - Property Tests Property 6: One Euro Filter Smoothing filter reduces noise (smoothed values closer to mean)","status":"passed","title":"filter reduces noise (smoothed values closer to mean)","duration":1,"failureMessages":[]},{"ancestorTitles":["","P2 MIRROR MAGUS - Property Tests","Property 6: One Euro Filter Smoothing"],"fullName":" P2 MIRROR MAGUS - Property Tests Property 6: One Euro Filter Smoothing filter config validates against schema","status":"passed","title":"filter config validates against schema","duration":0,"failureMessages":[]},{"ancestorTitles":["","P2 MIRROR MAGUS - Property Tests","Property 6: One Euro Filter Smoothing"],"fullName":" P2 MIRROR MAGUS - Property Tests Property 6: One Euro Filter Smoothing filter state validates against schema","status":"passed","title":"filter state validates against schema","duration":1,"failureMessages":[]},{"ancestorTitles":["","P2 MIRROR MAGUS - Property Tests","Property 6: One Euro Filter Smoothing"],"fullName":" P2 MIRROR MAGUS - Property Tests Property 6: One Euro Filter Smoothing zero time delta returns previous value","status":"passed","title":"zero time delta returns previous value","duration":0,"failureMessages":[]},{"ancestorTitles":["","P2 MIRROR MAGUS - Property Tests","Shape Result Validation"],"fullName":" P2 MIRROR MAGUS - Property Tests Shape Result Validation successful shape result validates","status":"passed","title":"successful shape result validates","duration":1,"failureMessages":[]},{"ancestorTitles":["","P2 MIRROR MAGUS - Property Tests","Shape Result Validation"],"fullName":" P2 MIRROR MAGUS - Property Tests Shape Result Validation failed shape result validates","status":"passed","title":"failed shape result validates","duration":0,"failureMessages":[]}],"startTime":1767822710748,"endTime":1767822710762,"status":"passed","message":"","name":"C:/Dev/active/hfo_gen88/hot_obsidian_sandbox/bronze/P2_MIRROR_MAGUS/MIRROR_MAGUS.property.test.ts"},{"assertionResults":[{"ancestorTitles":["","P3 SPORE STORM - Property Tests","Property 7: Injection Logging Invariant"],"fullName":" P3 SPORE STORM - Property Tests Property 7: Injection Logging Invariant every injection has a valid UUID","status":"passed","title":"every injection has a valid UUID","duration":5,"failureMessages":[]},{"ancestorTitles":["","P3 SPORE STORM - Property Tests","Property 7: Injection Logging Invariant"],"fullName":" P3 SPORE STORM - Property Tests Property 7: Injection Logging Invariant every injection has a timestamp","status":"passed","title":"every injection has a timestamp","duration":1,"failureMessages":[]},{"ancestorTitles":["","P3 SPORE STORM - Property Tests","Property 7: Injection Logging Invariant"],"fullName":" P3 SPORE STORM - Property Tests Property 7: Injection Logging Invariant injection sourcePort is always 3 (P3)","status":"passed","title":"injection sourcePort is always 3 (P3)","duration":0,"failureMessages":[]},{"ancestorTitles":["","P3 SPORE STORM - Property Tests","Property 7: Injection Logging Invariant"],"fullName":" P3 SPORE STORM - Property Tests Property 7: Injection Logging Invariant injection validates against schema","status":"passed","title":"injection validates against schema","duration":3,"failureMessages":[]},{"ancestorTitles":["","P3 SPORE STORM - Property Tests","Property 7: Injection Logging Invariant"],"fullName":" P3 SPORE STORM - Property Tests Property 7: Injection Logging Invariant stigmergy event logs injection correctly","status":"passed","title":"stigmergy event logs injection correctly","duration":2,"failureMessages":[]},{"ancestorTitles":["","P3 SPORE STORM - Property Tests","Property 7: Injection Logging Invariant"],"fullName":" P3 SPORE STORM - Property Tests Property 7: Injection Logging Invariant stigmergy event includes delivery result when provided","status":"passed","title":"stigmergy event includes delivery result when provided","duration":1,"failureMessages":[]},{"ancestorTitles":["","P3 SPORE STORM - Property Tests","Delivery Result Validation"],"fullName":" P3 SPORE STORM - Property Tests Delivery Result Validation successful delivery has deliveredAt timestamp","status":"passed","title":"successful delivery has deliveredAt timestamp","duration":1,"failureMessages":[]},{"ancestorTitles":["","P3 SPORE STORM - Property Tests","Delivery Result Validation"],"fullName":" P3 SPORE STORM - Property Tests Delivery Result Validation failed delivery has error message","status":"passed","title":"failed delivery has error message","duration":0,"failureMessages":[]},{"ancestorTitles":["","P3 SPORE STORM - Property Tests","Delivery Result Validation"],"fullName":" P3 SPORE STORM - Property Tests Delivery Result Validation delivery result validates against schema","status":"passed","title":"delivery result validates against schema","duration":1,"failureMessages":[]},{"ancestorTitles":["","P3 SPORE STORM - Property Tests","Retry Logic"],"fullName":" P3 SPORE STORM - Property Tests Retry Logic new injection can be retried","status":"passed","title":"new injection can be retried","duration":0,"failureMessages":[]},{"ancestorTitles":["","P3 SPORE STORM - Property Tests","Retry Logic"],"fullName":" P3 SPORE STORM - Property Tests Retry Logic incrementRetry increases retry count","status":"passed","title":"incrementRetry increases retry count","duration":1,"failureMessages":[]},{"ancestorTitles":["","P3 SPORE STORM - Property Tests","Retry Logic"],"fullName":" P3 SPORE STORM - Property Tests Retry Logic cannot retry after max retries reached","status":"passed","title":"cannot retry after max retries reached","duration":0,"failureMessages":[]},{"ancestorTitles":["","P3 SPORE STORM - Property Tests","TTL / Expiration"],"fullName":" P3 SPORE STORM - Property Tests TTL / Expiration new injection is not expired","status":"passed","title":"new injection is not expired","duration":0,"failureMessages":[]},{"ancestorTitles":["","P3 SPORE STORM - Property Tests","TTL / Expiration"],"fullName":" P3 SPORE STORM - Property Tests TTL / Expiration injection with past timestamp + TTL is expired","status":"passed","title":"injection with past timestamp + TTL is expired","duration":0,"failureMessages":[]},{"ancestorTitles":["","P3 SPORE STORM - Property Tests","Cascade Config"],"fullName":" P3 SPORE STORM - Property Tests Cascade Config cascade config validates against schema","status":"passed","title":"cascade config validates against schema","duration":1,"failureMessages":[]},{"ancestorTitles":["","P3 SPORE STORM - Property Tests","Cascade Config"],"fullName":" P3 SPORE STORM - Property Tests Cascade Config cascade config requires at least one target","status":"passed","title":"cascade config requires at least one target","duration":1,"failureMessages":[]},{"ancestorTitles":["","P3 SPORE STORM - Property Tests","Cascade Config"],"fullName":" P3 SPORE STORM - Property Tests Cascade Config cascade result validates against schema","status":"passed","title":"cascade result validates against schema","duration":1,"failureMessages":[]}],"startTime":1767822710660,"endTime":1767822710679,"status":"passed","message":"","name":"C:/Dev/active/hfo_gen88/hot_obsidian_sandbox/bronze/P3_SPORE_STORM/SPORE_STORM.property.test.ts"},{"assertionResults":[{"ancestorTitles":[""],"fullName":" debug audit","status":"passed","title":"debug audit","duration":3,"failureMessages":[]}],"startTime":1767822710832,"endTime":1767822710835,"status":"passed","message":"","name":"C:/Dev/active/hfo_gen88/hot_obsidian_sandbox/bronze/P4_RED_REGNANT/debug.test.ts"},{"assertionResults":[{"ancestorTitles":["","HFO HIVE AGENT Enforcement"],"fullName":" HFO HIVE AGENT Enforcement should have a recent SEARCH_GROUNDING event on the blackboard","status":"passed","title":"should have a recent SEARCH_GROUNDING event on the blackboard","duration":8,"failureMessages":[]},{"ancestorTitles":["","HFO HIVE AGENT Enforcement"],"fullName":" HFO HIVE AGENT Enforcement should have a recent THINKING_GROUNDING event on the blackboard","status":"passed","title":"should have a recent THINKING_GROUNDING event on the blackboard","duration":7,"failureMessages":[]},{"ancestorTitles":["","HFO HIVE AGENT Enforcement"],"fullName":" HFO HIVE AGENT Enforcement should have a recent MEMORY_GROUNDING event on the blackboard","status":"passed","title":"should have a recent MEMORY_GROUNDING event on the blackboard","duration":6,"failureMessages":[]}],"startTime":1767822710665,"endTime":1767822710686,"status":"passed","message":"","name":"C:/Dev/active/hfo_gen88/hot_obsidian_sandbox/bronze/P4_RED_REGNANT/hive_agent_rules.test.ts"},{"assertionResults":[{"ancestorTitles":["","Property 8: Anti-Pattern Detection"],"fullName":" Property 8: Anti-Pattern Detection detects theater when mutation score is 100%","status":"passed","title":"detects theater when mutation score is 100%","duration":11,"failureMessages":[]},{"ancestorTitles":["","Property 8: Anti-Pattern Detection"],"fullName":" Property 8: Anti-Pattern Detection detects theater for scores >= 99%","status":"passed","title":"detects theater for scores >= 99%","duration":5,"failureMessages":[]},{"ancestorTitles":["","Property 8: Anti-Pattern Detection"],"fullName":" Property 8: Anti-Pattern Detection does not flag theater for valid scores","status":"passed","title":"does not flag theater for valid scores","duration":3,"failureMessages":[]},{"ancestorTitles":["","Property 8: Anti-Pattern Detection"],"fullName":" Property 8: Anti-Pattern Detection detects mutation failure for scores < 80%","status":"passed","title":"detects mutation failure for scores < 80%","duration":3,"failureMessages":[]},{"ancestorTitles":["","Property 8: Anti-Pattern Detection"],"fullName":" Property 8: Anti-Pattern Detection does not flag mutation failure for valid scores","status":"passed","title":"does not flag mutation failure for valid scores","duration":2,"failureMessages":[]},{"ancestorTitles":["","Property 10: Mutation Score Bounds"],"fullName":" Property 10: Mutation Score Bounds accepts scores in valid range [80, 98.99]","status":"passed","title":"accepts scores in valid range [80, 98.99]","duration":3,"failureMessages":[]},{"ancestorTitles":["","Property 10: Mutation Score Bounds"],"fullName":" Property 10: Mutation Score Bounds rejects scores below 80%","status":"passed","title":"rejects scores below 80%","duration":2,"failureMessages":[]},{"ancestorTitles":["","Property 10: Mutation Score Bounds"],"fullName":" Property 10: Mutation Score Bounds rejects scores above 98.99% (Theater)","status":"passed","title":"rejects scores above 98.99% (Theater)","duration":4,"failureMessages":[]},{"ancestorTitles":["","Property 10: Mutation Score Bounds"],"fullName":" Property 10: Mutation Score Bounds boundary: 80% is valid","status":"passed","title":"boundary: 80% is valid","duration":0,"failureMessages":[]},{"ancestorTitles":["","Property 10: Mutation Score Bounds"],"fullName":" Property 10: Mutation Score Bounds boundary: 98.99% is valid","status":"passed","title":"boundary: 98.99% is valid","duration":0,"failureMessages":[]},{"ancestorTitles":["","Property 10: Mutation Score Bounds"],"fullName":" Property 10: Mutation Score Bounds boundary: 79.99% is invalid","status":"passed","title":"boundary: 79.99% is invalid","duration":1,"failureMessages":[]},{"ancestorTitles":["","Property 10: Mutation Score Bounds"],"fullName":" Property 10: Mutation Score Bounds boundary: 99% is invalid (Theater)","status":"passed","title":"boundary: 99% is invalid (Theater)","duration":0,"failureMessages":[]},{"ancestorTitles":["","Property 9: Violation Schema Validation"],"fullName":" Property 9: Violation Schema Validation all valid violations pass schema validation","status":"passed","title":"all valid violations pass schema validation","duration":14,"failureMessages":[]},{"ancestorTitles":["","Property 9: Violation Schema Validation"],"fullName":" Property 9: Violation Schema Validation violations with invalid type fail schema validation","status":"passed","title":"violations with invalid type fail schema validation","duration":15,"failureMessages":[]},{"ancestorTitles":["","Blood Book Entry Schema"],"fullName":" Blood Book Entry Schema all valid blood book entries pass schema validation","status":"passed","title":"all valid blood book entries pass schema validation","duration":13,"failureMessages":[]}],"startTime":1767822711096,"endTime":1767822711175,"status":"passed","message":"","name":"C:/Dev/active/hfo_gen88/hot_obsidian_sandbox/bronze/P4_RED_REGNANT/RED_REGNANT.property.test.ts"},{"assertionResults":[{"ancestorTitles":["","Red Regnant: Immunological Defense (Lockdown Suite)","Environment & Scream Protocol (Killing Core mutants)"],"fullName":" Red Regnant: Immunological Defense (Lockdown Suite) Environment & Scream Protocol (Killing Core mutants) should have non-negotiable environments","status":"passed","title":"should have non-negotiable environments","duration":2,"failureMessages":[]},{"ancestorTitles":["","Red Regnant: Immunological Defense (Lockdown Suite)","Environment & Scream Protocol (Killing Core mutants)"],"fullName":" Red Regnant: Immunological Defense (Lockdown Suite) Environment & Scream Protocol (Killing Core mutants) should handle non-string files in scream (Killing Ternary mutants)","status":"passed","title":"should handle non-string files in scream (Killing Ternary mutants)","duration":1,"failureMessages":[]},{"ancestorTitles":["","Red Regnant: Immunological Defense (Lockdown Suite)","Additional Coverage (Pushing score to 80%+)"],"fullName":" Red Regnant: Immunological Defense (Lockdown Suite) Additional Coverage (Pushing score to 80%+) should allow debug logs with @permitted","status":"passed","title":"should allow debug logs with @permitted","duration":2,"failureMessages":[]},{"ancestorTitles":["","Red Regnant: Immunological Defense (Lockdown Suite)","Additional Coverage (Pushing score to 80%+)"],"fullName":" Red Regnant: Immunological Defense (Lockdown Suite) Additional Coverage (Pushing score to 80%+) should allow any with @bespoke","status":"passed","title":"should allow any with @bespoke","duration":1,"failureMessages":[]},{"ancestorTitles":["","Red Regnant: Immunological Defense (Lockdown Suite)","Additional Coverage (Pushing score to 80%+)"],"fullName":" Red Regnant: Immunological Defense (Lockdown Suite) Additional Coverage (Pushing score to 80%+) should handle mutation report parse failures","status":"passed","title":"should handle mutation report parse failures","duration":1,"failureMessages":[]},{"ancestorTitles":["","Red Regnant: Immunological Defense (Lockdown Suite)","Additional Coverage (Pushing score to 80%+)"],"fullName":" Red Regnant: Immunological Defense (Lockdown Suite) Additional Coverage (Pushing score to 80%+) should handle missing mutation report","status":"passed","title":"should handle missing mutation report","duration":1,"failureMessages":[]},{"ancestorTitles":["","Red Regnant: Immunological Defense (Lockdown Suite)","Additional Coverage (Pushing score to 80%+)"],"fullName":" Red Regnant: Immunological Defense (Lockdown Suite) Additional Coverage (Pushing score to 80%+) should detect TODO and FIXME","status":"passed","title":"should detect TODO and FIXME","duration":1,"failureMessages":[]},{"ancestorTitles":["","Red Regnant: Immunological Defense (Lockdown Suite)","Additional Coverage (Pushing score to 80%+)"],"fullName":" Red Regnant: Immunological Defense (Lockdown Suite) Additional Coverage (Pushing score to 80%+) should detect console.debug in strict zones","status":"passed","title":"should detect console.debug in strict zones","duration":1,"failureMessages":[]},{"ancestorTitles":["","Red Regnant: Immunological Defense (Lockdown Suite)","Additional Coverage (Pushing score to 80%+)"],"fullName":" Red Regnant: Immunological Defense (Lockdown Suite) Additional Coverage (Pushing score to 80%+) should detect PHANTOM dependencies in index.html","status":"passed","title":"should detect PHANTOM dependencies in index.html","duration":2,"failureMessages":[]},{"ancestorTitles":["","Red Regnant: Immunological Defense (Lockdown Suite)","Additional Coverage (Pushing score to 80%+)"],"fullName":" Red Regnant: Immunological Defense (Lockdown Suite) Additional Coverage (Pushing score to 80%+) should detect BDD_MISALIGNMENT in strict zones","status":"passed","title":"should detect BDD_MISALIGNMENT in strict zones","duration":1,"failureMessages":[]},{"ancestorTitles":["","Red Regnant: Immunological Defense (Lockdown Suite)","Strict Coverage (Killing Exact String Mutants)"],"fullName":" Red Regnant: Immunological Defense (Lockdown Suite) Strict Coverage (Killing Exact String Mutants) should match violation messages exactly","status":"passed","title":"should match violation messages exactly","duration":1,"failureMessages":[]},{"ancestorTitles":["","Red Regnant: Immunological Defense (Lockdown Suite)","Strict Coverage (Killing Exact String Mutants)"],"fullName":" Red Regnant: Immunological Defense (Lockdown Suite) Strict Coverage (Killing Exact String Mutants) should verify mutation score boundary conditions","status":"passed","title":"should verify mutation score boundary conditions","duration":3,"failureMessages":[]},{"ancestorTitles":["","Red Regnant: Immunological Defense (Lockdown Suite)","Strict Coverage (Killing Exact String Mutants)"],"fullName":" Red Regnant: Immunological Defense (Lockdown Suite) Strict Coverage (Killing Exact String Mutants) should handle non-number mutation score","status":"passed","title":"should handle non-number mutation score","duration":1,"failureMessages":[]},{"ancestorTitles":["","Red Regnant: Immunological Defense (Lockdown Suite)","Strict Coverage (Killing Exact String Mutants)"],"fullName":" Red Regnant: Immunological Defense (Lockdown Suite) Strict Coverage (Killing Exact String Mutants) should detect unauthorized debug logs correctly","status":"passed","title":"should detect unauthorized debug logs correctly","duration":0,"failureMessages":[]},{"ancestorTitles":["","Red Regnant: Immunological Defense (Lockdown Suite)","Strict Coverage (Killing Exact String Mutants)"],"fullName":" Red Regnant: Immunological Defense (Lockdown Suite) Strict Coverage (Killing Exact String Mutants) should detect bespoke any correctly","status":"passed","title":"should detect bespoke any correctly","duration":5,"failureMessages":[]},{"ancestorTitles":["","Red Regnant: Immunological Defense (Lockdown Suite)","Strict Coverage (Killing Exact String Mutants)"],"fullName":" Red Regnant: Immunological Defense (Lockdown Suite) Strict Coverage (Killing Exact String Mutants) should detect violations in special zones","status":"passed","title":"should detect violations in special zones","duration":2,"failureMessages":[]},{"ancestorTitles":["","Red Regnant: Immunological Defense (Lockdown Suite)","Strict Coverage (Killing Exact String Mutants)"],"fullName":" Red Regnant: Immunological Defense (Lockdown Suite) Strict Coverage (Killing Exact String Mutants) should kill mutants in ALLOWED_ROOT_FILES list by process of exclusion","status":"passed","title":"should kill mutants in ALLOWED_ROOT_FILES list by process of exclusion","duration":4,"failureMessages":[]},{"ancestorTitles":["","Red Regnant: Immunological Defense (Lockdown Suite)","Schemas & Data Integrity (Killing Zod mutants)"],"fullName":" Red Regnant: Immunological Defense (Lockdown Suite) Schemas & Data Integrity (Killing Zod mutants) should validate Manifest and block invalid DNA","status":"passed","title":"should validate Manifest and block invalid DNA","duration":11,"failureMessages":[]},{"ancestorTitles":["","Red Regnant: Immunological Defense (Lockdown Suite)","Schemas & Data Integrity (Killing Zod mutants)"],"fullName":" Red Regnant: Immunological Defense (Lockdown Suite) Schemas & Data Integrity (Killing Zod mutants) should validate Playbook format (Killing literal mutants)","status":"passed","title":"should validate Playbook format (Killing literal mutants)","duration":10,"failureMessages":[]},{"ancestorTitles":["","Red Regnant: Immunological Defense (Lockdown Suite)","Schemas & Data Integrity (Killing Zod mutants)"],"fullName":" Red Regnant: Immunological Defense (Lockdown Suite) Schemas & Data Integrity (Killing Zod mutants) should validate BloodBook entry","status":"passed","title":"should validate BloodBook entry","duration":2,"failureMessages":[]},{"ancestorTitles":["","Red Regnant: Immunological Defense (Lockdown Suite)","Root Pollution (Killing Regex & List mutants)"],"fullName":" Red Regnant: Immunological Defense (Lockdown Suite) Root Pollution (Killing Regex & List mutants) should detect unauthorized files","status":"passed","title":"should detect unauthorized files","duration":1,"failureMessages":[]},{"ancestorTitles":["","Red Regnant: Immunological Defense (Lockdown Suite)","Root Pollution (Killing Regex & List mutants)"],"fullName":" Red Regnant: Immunological Defense (Lockdown Suite) Root Pollution (Killing Regex & List mutants) should kill mutants that weaken regex patterns","status":"passed","title":"should kill mutants that weaken regex patterns","duration":18,"failureMessages":[]},{"ancestorTitles":["","Red Regnant: Immunological Defense (Lockdown Suite)","Root Pollution (Killing Regex & List mutants)"],"fullName":" Red Regnant: Immunological Defense (Lockdown Suite) Root Pollution (Killing Regex & List mutants) should handle the logical OR between list and patterns","status":"passed","title":"should handle the logical OR between list and patterns","duration":0,"failureMessages":[]},{"ancestorTitles":["","Red Regnant: Immunological Defense (Lockdown Suite)","Content Auditing (Killing Audit mutants)"],"fullName":" Red Regnant: Immunological Defense (Lockdown Suite) Content Auditing (Killing Audit mutants) should detect technical debt and strict zone violations","status":"passed","title":"should detect technical debt and strict zone violations","duration":33,"failureMessages":[]},{"ancestorTitles":["","Red Regnant: Immunological Defense (Lockdown Suite)","Content Auditing (Killing Audit mutants)"],"fullName":" Red Regnant: Immunological Defense (Lockdown Suite) Content Auditing (Killing Audit mutants) should detect assertionless tests","status":"passed","title":"should detect assertionless tests","duration":1,"failureMessages":[]},{"ancestorTitles":["","Red Regnant: Immunological Defense (Lockdown Suite)","Content Auditing (Killing Audit mutants)"],"fullName":" Red Regnant: Immunological Defense (Lockdown Suite) Content Auditing (Killing Audit mutants) should allow tests with either expect or assert","status":"passed","title":"should allow tests with either expect or assert","duration":1,"failureMessages":[]},{"ancestorTitles":["","Red Regnant: Immunological Defense (Lockdown Suite)","Mutation Proof Auditing (Killing Mutation Logic mutants)"],"fullName":" Red Regnant: Immunological Defense (Lockdown Suite) Mutation Proof Auditing (Killing Mutation Logic mutants) should detect WEAK_EVOLUTION (Killing NoCoverage & boundaries)","status":"passed","title":"should detect WEAK_EVOLUTION (Killing NoCoverage & boundaries)","duration":1,"failureMessages":[]},{"ancestorTitles":["","Red Regnant: Immunological Defense (Lockdown Suite)","Mutation Proof Auditing (Killing Mutation Logic mutants)"],"fullName":" Red Regnant: Immunological Defense (Lockdown Suite) Mutation Proof Auditing (Killing Mutation Logic mutants) should detect THEATER (Killing String/Math/Boundary mutants)","status":"passed","title":"should detect THEATER (Killing String/Math/Boundary mutants)","duration":5,"failureMessages":[]},{"ancestorTitles":["","Red Regnant: Immunological Defense (Lockdown Suite)","Mutation Proof Auditing (Killing Mutation Logic mutants)"],"fullName":" Red Regnant: Immunological Defense (Lockdown Suite) Mutation Proof Auditing (Killing Mutation Logic mutants) should handle missing mutation report gracefully","status":"passed","title":"should handle missing mutation report gracefully","duration":1,"failureMessages":[]},{"ancestorTitles":["","Red Regnant: Immunological Defense (Lockdown Suite)","Mutation Proof Auditing (Killing Mutation Logic mutants)"],"fullName":" Red Regnant: Immunological Defense (Lockdown Suite) Mutation Proof Auditing (Killing Mutation Logic mutants) should handle malformed JSON in mutation report","status":"passed","title":"should handle malformed JSON in mutation report","duration":1,"failureMessages":[]},{"ancestorTitles":["","Red Regnant: Immunological Defense (Lockdown Suite)","Mutation Proof Auditing (Killing Mutation Logic mutants)"],"fullName":" Red Regnant: Immunological Defense (Lockdown Suite) Mutation Proof Auditing (Killing Mutation Logic mutants) should handle Timeout as Killed","status":"passed","title":"should handle Timeout as Killed","duration":1,"failureMessages":[]},{"ancestorTitles":["","Red Regnant: Immunological Defense (Lockdown Suite)","Galois Lattice Governance (Port 4/Port 2)"],"fullName":" Red Regnant: Immunological Defense (Lockdown Suite) Galois Lattice Governance (Port 4/Port 2) should detect Hive Bloat when folder density exceeds LATTICE.O4 (4096) for Bronze","status":"passed","title":"should detect Hive Bloat when folder density exceeds LATTICE.O4 (4096) for Bronze","duration":2,"failureMessages":[]},{"ancestorTitles":["","Red Regnant: Immunological Defense (Lockdown Suite)","Galois Lattice Governance (Port 4/Port 2)"],"fullName":" Red Regnant: Immunological Defense (Lockdown Suite) Galois Lattice Governance (Port 4/Port 2) should report correct folder in Hive Bloat violation","status":"passed","title":"should report correct folder in Hive Bloat violation","duration":1,"failureMessages":[]},{"ancestorTitles":["","Red Regnant: Immunological Defense (Lockdown Suite)","Galois Lattice Governance (Port 4/Port 2)"],"fullName":" Red Regnant: Immunological Defense (Lockdown Suite) Galois Lattice Governance (Port 4/Port 2) should pass if folder density is exactly LATTICE.O4 (4096) for Bronze","status":"passed","title":"should pass if folder density is exactly LATTICE.O4 (4096) for Bronze","duration":2,"failureMessages":[]},{"ancestorTitles":["","Red Regnant: Immunological Defense (Lockdown Suite)","Galois Lattice Governance (Port 4/Port 2)"],"fullName":" Red Regnant: Immunological Defense (Lockdown Suite) Galois Lattice Governance (Port 4/Port 2) should fail if Silver folder density exceeds LATTICE.SWARM (64)","status":"passed","title":"should fail if Silver folder density exceeds LATTICE.SWARM (64)","duration":1,"failureMessages":[]},{"ancestorTitles":["","Red Regnant: Immunological Defense (Lockdown Suite)","Galois Lattice Governance (Port 4/Port 2)"],"fullName":" Red Regnant: Immunological Defense (Lockdown Suite) Galois Lattice Governance (Port 4/Port 2) should skip non-existent folders in lattice check","status":"passed","title":"should skip non-existent folders in lattice check","duration":1,"failureMessages":[]},{"ancestorTitles":["","Red Regnant: Immunological Defense (Lockdown Suite)","Medallion Scanning (Killing Loop & skip mutants)"],"fullName":" Red Regnant: Immunological Defense (Lockdown Suite) Medallion Scanning (Killing Loop & skip mutants) should recurse subdirectories and detect missing tests","status":"passed","title":"should recurse subdirectories and detect missing tests","duration":1,"failureMessages":[]},{"ancestorTitles":["","Red Regnant: Immunological Defense (Lockdown Suite)","Medallion Scanning (Killing Loop & skip mutants)"],"fullName":" Red Regnant: Immunological Defense (Lockdown Suite) Medallion Scanning (Killing Loop & skip mutants) should audit .js and .md files in medallions","status":"passed","title":"should audit .js and .md files in medallions","duration":1,"failureMessages":[]},{"ancestorTitles":["","Red Regnant: Immunological Defense (Lockdown Suite)","Medallion Scanning (Killing Loop & skip mutants)"],"fullName":" Red Regnant: Immunological Defense (Lockdown Suite) Medallion Scanning (Killing Loop & skip mutants) should skip non-standard file extensions in medallions","status":"passed","title":"should skip non-standard file extensions in medallions","duration":3,"failureMessages":[]},{"ancestorTitles":["","Red Regnant: Immunological Defense (Lockdown Suite)","Medallion Scanning (Killing Loop & skip mutants)"],"fullName":" Red Regnant: Immunological Defense (Lockdown Suite) Medallion Scanning (Killing Loop & skip mutants) should explicitly skip .d.ts files (Killing d.ts mutant)","status":"passed","title":"should explicitly skip .d.ts files (Killing d.ts mutant)","duration":2,"failureMessages":[]},{"ancestorTitles":["","Red Regnant: Immunological Defense (Lockdown Suite)","Medallion Scanning (Killing Loop & skip mutants)"],"fullName":" Red Regnant: Immunological Defense (Lockdown Suite) Medallion Scanning (Killing Loop & skip mutants) should handle property tests as valid tests (Killing .property.ts mutant)","status":"passed","title":"should handle property tests as valid tests (Killing .property.ts mutant)","duration":1,"failureMessages":[]},{"ancestorTitles":["","Red Regnant: Immunological Defense (Lockdown Suite)","Medallion Scanning (Killing Loop & skip mutants)"],"fullName":" Red Regnant: Immunological Defense (Lockdown Suite) Medallion Scanning (Killing Loop & skip mutants) should skip restricted directories like node_modules and .venv (Killing exclusion mutants)","status":"passed","title":"should skip restricted directories like node_modules and .venv (Killing exclusion mutants)","duration":1,"failureMessages":[]},{"ancestorTitles":["","Red Regnant: Immunological Defense (Lockdown Suite)","Medallion Scanning (Killing Loop & skip mutants)"],"fullName":" Red Regnant: Immunological Defense (Lockdown Suite) Medallion Scanning (Killing Loop & skip mutants) should distinguish between strict (silver/gold) and non-strict (bronze) zones (Killing isStrict mutant)","status":"passed","title":"should distinguish between strict (silver/gold) and non-strict (bronze) zones (Killing isStrict mutant)","duration":1,"failureMessages":[]},{"ancestorTitles":["","Red Regnant: Immunological Defense (Lockdown Suite)","Quine Commander: Error Handling"],"fullName":" Red Regnant: Immunological Defense (Lockdown Suite) Quine Commander: Error Handling should handle readFileSync errors in scanMedallions gracefully","status":"passed","title":"should handle readFileSync errors in scanMedallions gracefully","duration":1,"failureMessages":[]},{"ancestorTitles":["","Red Regnant: Immunological Defense (Lockdown Suite)","Lockdown Execution"],"fullName":" Red Regnant: Immunological Defense (Lockdown Suite) Lockdown Execution should return violations for enforcement (H-I behavior)","status":"passed","title":"should return violations for enforcement (H-I behavior)","duration":2492,"failureMessages":[]},{"ancestorTitles":["","Red Regnant: Immunological Defense (Lockdown Suite)","Lockdown Execution"],"fullName":" Red Regnant: Immunological Defense (Lockdown Suite) Lockdown Execution should return success if no violations exist","status":"passed","title":"should return success if no violations exist","duration":0,"failureMessages":[]},{"ancestorTitles":["","Red Regnant: Immunological Defense (Lockdown Suite)","Quine Commander: Behavioral Suspicion (Killing NoCoverage mutants)"],"fullName":" Red Regnant: Immunological Defense (Lockdown Suite) Quine Commander: Behavioral Suspicion (Killing NoCoverage mutants) should detect silent catch blocks (OMISSION)","status":"passed","title":"should detect silent catch blocks (OMISSION)","duration":1,"failureMessages":[]},{"ancestorTitles":["","Red Regnant: Immunological Defense (Lockdown Suite)","Quine Commander: Behavioral Suspicion (Killing NoCoverage mutants)"],"fullName":" Red Regnant: Immunological Defense (Lockdown Suite) Quine Commander: Behavioral Suspicion (Killing NoCoverage mutants) should detect manual bypasses (SUSPICION)","status":"passed","title":"should detect manual bypasses (SUSPICION)","duration":0,"failureMessages":[]},{"ancestorTitles":["","Red Regnant: Immunological Defense (Lockdown Suite)","Quine Commander: Behavioral Suspicion (Killing NoCoverage mutants)"],"fullName":" Red Regnant: Immunological Defense (Lockdown Suite) Quine Commander: Behavioral Suspicion (Killing NoCoverage mutants) should detect alternative bypass patterns","status":"passed","title":"should detect alternative bypass patterns","duration":0,"failureMessages":[]},{"ancestorTitles":["","Red Regnant: Immunological Defense (Lockdown Suite)","Quine Commander: Mutant Hunting (Port 4 Final)"],"fullName":" Red Regnant: Immunological Defense (Lockdown Suite) Quine Commander: Mutant Hunting (Port 4 Final) should kill regex boundary mutants in scanMedallions","status":"passed","title":"should kill regex boundary mutants in scanMedallions","duration":1,"failureMessages":[]},{"ancestorTitles":["","Red Regnant: Immunological Defense (Lockdown Suite)","Quine Commander: Mutant Hunting (Port 4 Final)"],"fullName":" Red Regnant: Immunological Defense (Lockdown Suite) Quine Commander: Mutant Hunting (Port 4 Final) should kill the regex spacing mutant for \"any\"","status":"passed","title":"should kill the regex spacing mutant for \"any\"","duration":0,"failureMessages":[]},{"ancestorTitles":["","Red Regnant: Immunological Defense (Lockdown Suite)","Quine Commander: Mutant Hunting (Port 4 Final)"],"fullName":" Red Regnant: Immunological Defense (Lockdown Suite) Quine Commander: Mutant Hunting (Port 4 Final) should kill individual condition mutants in PHANTOM dependency check","status":"passed","title":"should kill individual condition mutants in PHANTOM dependency check","duration":0,"failureMessages":[]},{"ancestorTitles":["","Red Regnant: Immunological Defense (Lockdown Suite)","Quine Commander: Mutant Hunting (Port 4 Final)"],"fullName":" Red Regnant: Immunological Defense (Lockdown Suite) Quine Commander: Mutant Hunting (Port 4 Final) should kill the mutation score math mutants","status":"passed","title":"should kill the mutation score math mutants","duration":0,"failureMessages":[]},{"ancestorTitles":["","Red Regnant: Immunological Defense (Lockdown Suite)","Quine Commander: Mutant Hunting (Port 4 Final)"],"fullName":" Red Regnant: Immunological Defense (Lockdown Suite) Quine Commander: Mutant Hunting (Port 4 Final) should kill the replacement mutants in scanMedallions (testPath vs propertyPath)","status":"passed","title":"should kill the replacement mutants in scanMedallions (testPath vs propertyPath)","duration":1,"failureMessages":[]},{"ancestorTitles":["","Red Regnant: Immunological Defense (Lockdown Suite)","Quine Commander: Mutant Hunting (Port 4 Final)"],"fullName":" Red Regnant: Immunological Defense (Lockdown Suite) Quine Commander: Mutant Hunting (Port 4 Final) should kill root pattern boundary mutants (Killing ^ and $)","status":"passed","title":"should kill root pattern boundary mutants (Killing ^ and $)","duration":0,"failureMessages":[]},{"ancestorTitles":["","Red Regnant: Immunological Defense (Lockdown Suite)","Quine Commander: Mutant Hunting (Port 4 Final)"],"fullName":" Red Regnant: Immunological Defense (Lockdown Suite) Quine Commander: Mutant Hunting (Port 4 Final) should kill the ALLOWED_ROOT_FILES mutants","status":"passed","title":"should kill the ALLOWED_ROOT_FILES mutants","duration":0,"failureMessages":[]},{"ancestorTitles":["","Red Regnant: Immunological Defense (Lockdown Suite)","Quine Commander: Mutant Hunting (Port 4 Final)"],"fullName":" Red Regnant: Immunological Defense (Lockdown Suite) Quine Commander: Mutant Hunting (Port 4 Final) should kill isStrict logic mutants","status":"passed","title":"should kill isStrict logic mutants","duration":1,"failureMessages":[]},{"ancestorTitles":["","Red Regnant: Immunological Defense (Lockdown Suite)","Quine Commander: Mutant Hunting (Port 4 Final)"],"fullName":" Red Regnant: Immunological Defense (Lockdown Suite) Quine Commander: Mutant Hunting (Port 4 Final) should handle Semgrep missing venv (Killing Semgrep survivors)","status":"passed","title":"should handle Semgrep missing venv (Killing Semgrep survivors)","duration":1,"failureMessages":[]},{"ancestorTitles":["","Red Regnant: Immunological Defense (Lockdown Suite)","Quine Commander: Terminal & Environment (Killing Survivours)"],"fullName":" Red Regnant: Immunological Defense (Lockdown Suite) Quine Commander: Terminal & Environment (Killing Survivours) should format console output correctly when not in test mode","status":"passed","title":"should format console output correctly when not in test mode","duration":1,"failureMessages":[]},{"ancestorTitles":["","Red Regnant: Immunological Defense (Lockdown Suite)","Quine Commander: Terminal & Environment (Killing Survivours)"],"fullName":" Red Regnant: Immunological Defense (Lockdown Suite) Quine Commander: Terminal & Environment (Killing Survivours) should NOT format console output when in test mode","status":"passed","title":"should NOT format console output when in test mode","duration":0,"failureMessages":[]},{"ancestorTitles":["","Red Regnant: Immunological Defense (Lockdown Suite)","Quine Commander: Terminal & Environment (Killing Survivours)"],"fullName":" Red Regnant: Immunological Defense (Lockdown Suite) Quine Commander: Terminal & Environment (Killing Survivours) should handle non-string file objects in scream","status":"passed","title":"should handle non-string file objects in scream","duration":0,"failureMessages":[]},{"ancestorTitles":["","Red Regnant: Immunological Defense (Lockdown Suite)","Quine Commander: Terminal & Environment (Killing Survivours)"],"fullName":" Red Regnant: Immunological Defense (Lockdown Suite) Quine Commander: Terminal & Environment (Killing Survivours) should return quickly if root directory is missing","status":"passed","title":"should return quickly if root directory is missing","duration":2,"failureMessages":[]},{"ancestorTitles":["","Red Regnant: Immunological Defense (Lockdown Suite)","Quine Commander: Terminal & Environment (Killing Survivours)"],"fullName":" Red Regnant: Immunological Defense (Lockdown Suite) Quine Commander: Terminal & Environment (Killing Survivours) should kill mutants in ALLOWED_ROOT_FILES list by process of exclusion","status":"passed","title":"should kill mutants in ALLOWED_ROOT_FILES list by process of exclusion","duration":1,"failureMessages":[]},{"ancestorTitles":["","Red Regnant: Immunological Defense (Lockdown Suite)","Quine Commander: Terminal & Environment (Killing Survivours)"],"fullName":" Red Regnant: Immunological Defense (Lockdown Suite) Quine Commander: Terminal & Environment (Killing Survivours) should kill mutants in ALLOWED_ROOT_PATTERNS list","status":"passed","title":"should kill mutants in ALLOWED_ROOT_PATTERNS list","duration":0,"failureMessages":[]},{"ancestorTitles":["","Red Regnant: Immunological Defense (Lockdown Suite)","Quine Commander: Surgical Mutant Kills (Gen 88 Pareto)"],"fullName":" Red Regnant: Immunological Defense (Lockdown Suite) Quine Commander: Surgical Mutant Kills (Gen 88 Pareto) should kill mutants in content.includes chains by exhaustive checking","status":"passed","title":"should kill mutants in content.includes chains by exhaustive checking","duration":0,"failureMessages":[]},{"ancestorTitles":["","Red Regnant: Immunological Defense (Lockdown Suite)","Quine Commander: Surgical Mutant Kills (Gen 88 Pareto)"],"fullName":" Red Regnant: Immunological Defense (Lockdown Suite) Quine Commander: Surgical Mutant Kills (Gen 88 Pareto) should kill mutants in scanMedallions iteration logic","status":"passed","title":"should kill mutants in scanMedallions iteration logic","duration":1,"failureMessages":[]},{"ancestorTitles":["","Red Regnant: Immunological Defense (Lockdown Suite)","Quine Commander: Surgical Mutant Kills (Gen 88 Pareto)"],"fullName":" Red Regnant: Immunological Defense (Lockdown Suite) Quine Commander: Surgical Mutant Kills (Gen 88 Pareto) should kill mutants in isStrict logic for P5 exceptions","status":"passed","title":"should kill mutants in isStrict logic for P5 exceptions","duration":0,"failureMessages":[]},{"ancestorTitles":["","Red Regnant: Immunological Defense (Lockdown Suite)","Quine Commander: Surgical Mutant Kills (Gen 88 Pareto)"],"fullName":" Red Regnant: Immunological Defense (Lockdown Suite) Quine Commander: Surgical Mutant Kills (Gen 88 Pareto) should kill mutants in checkMutationProof score calculation","status":"passed","title":"should kill mutants in checkMutationProof score calculation","duration":0,"failureMessages":[]},{"ancestorTitles":["","Red Regnant: Immunological Defense (Lockdown Suite)","Quine Commander: Surgical Mutant Kills (Gen 88 Pareto)"],"fullName":" Red Regnant: Immunological Defense (Lockdown Suite) Quine Commander: Surgical Mutant Kills (Gen 88 Pareto) should kill mutants that weaken regex patterns in scanMedallions","status":"passed","title":"should kill mutants that weaken regex patterns in scanMedallions","duration":1,"failureMessages":[]},{"ancestorTitles":["","Red Regnant: Immunological Defense (Lockdown Suite)","Quine Commander: Surgical Mutant Kills (Gen 88 Pareto)"],"fullName":" Red Regnant: Immunological Defense (Lockdown Suite) Quine Commander: Surgical Mutant Kills (Gen 88 Pareto) should kill individual logical operator mutants in phantom check","status":"passed","title":"should kill individual logical operator mutants in phantom check","duration":0,"failureMessages":[]},{"ancestorTitles":["","Red Regnant: Immunological Defense (Lockdown Suite)","Quine Commander: Surgical Mutant Kills (Gen 88 Pareto)"],"fullName":" Red Regnant: Immunological Defense (Lockdown Suite) Quine Commander: Surgical Mutant Kills (Gen 88 Pareto) should kill survivors in scream and console formatting","status":"passed","title":"should kill survivors in scream and console formatting","duration":0,"failureMessages":[]},{"ancestorTitles":["","Red Regnant: Immunological Defense (Lockdown Suite)","Quine Commander: Surgical Mutant Kills (Gen 88 Pareto)"],"fullName":" Red Regnant: Immunological Defense (Lockdown Suite) Quine Commander: Surgical Mutant Kills (Gen 88 Pareto) should kill mutants in Galois Lattice constants","status":"passed","title":"should kill mutants in Galois Lattice constants","duration":0,"failureMessages":[]},{"ancestorTitles":["","Red Regnant: Immunological Defense (Lockdown Suite)","Quine Commander: Surgical Mutant Kills (Gen 88 Pareto)"],"fullName":" Red Regnant: Immunological Defense (Lockdown Suite) Quine Commander: Surgical Mutant Kills (Gen 88 Pareto) should kill mutants in ALLOWED_ROOT_FILES by exhaustive check","status":"passed","title":"should kill mutants in ALLOWED_ROOT_FILES by exhaustive check","duration":1,"failureMessages":[]},{"ancestorTitles":["","Red Regnant: Immunological Defense (Lockdown Suite)","Quine Commander: Surgical Mutant Kills (Gen 88 Pareto)"],"fullName":" Red Regnant: Immunological Defense (Lockdown Suite) Quine Commander: Surgical Mutant Kills (Gen 88 Pareto) should kill mutants in checkMutationProof score comparisons","status":"passed","title":"should kill mutants in checkMutationProof score comparisons"
[...]
rian: Immunological Defense (Lockdown Suite) Schemas & Data Integrity (Killing Zod mutants) should validate Manifest and block invalid DNA","status":"passed","title":"should validate Manifest and block invalid DNA","duration":8,"failureMessages":[]},{"ancestorTitles":["","Pyre Praetorian: Immunological Defense (Lockdown Suite)","Schemas & Data Integrity (Killing Zod mutants)"],"fullName":" Pyre Praetorian: Immunological Defense (Lockdown Suite) Schemas & Data Integrity (Killing Zod mutants) should validate Playbook format (Killing literal mutants)","status":"passed","title":"should validate Playbook format (Killing literal mutants)","duration":2,"failureMessages":[]},{"ancestorTitles":["","Pyre Praetorian: Immunological Defense (Lockdown Suite)","Schemas & Data Integrity (Killing Zod mutants)"],"fullName":" Pyre Praetorian: Immunological Defense (Lockdown Suite) Schemas & Data Integrity (Killing Zod mutants) should validate BloodBook entry","status":"passed","title":"should validate BloodBook entry","duration":1,"failureMessages":[]},{"ancestorTitles":["","Pyre Praetorian: Immunological Defense (Lockdown Suite)","Root Pollution (Killing Regex & List mutants)"],"fullName":" Pyre Praetorian: Immunological Defense (Lockdown Suite) Root Pollution (Killing Regex & List mutants) should detect unauthorized files","status":"passed","title":"should detect unauthorized files","duration":1,"failureMessages":[]},{"ancestorTitles":["","Pyre Praetorian: Immunological Defense (Lockdown Suite)","Root Pollution (Killing Regex & List mutants)"],"fullName":" Pyre Praetorian: Immunological Defense (Lockdown Suite) Root Pollution (Killing Regex & List mutants) should kill mutants that weaken regex patterns","status":"passed","title":"should kill mutants that weaken regex patterns","duration":2,"failureMessages":[]},{"ancestorTitles":["","Pyre Praetorian: Immunological Defense (Lockdown Suite)","Root Pollution (Killing Regex & List mutants)"],"fullName":" Pyre Praetorian: Immunological Defense (Lockdown Suite) Root Pollution (Killing Regex & List mutants) should handle the logical OR between list and patterns","status":"passed","title":"should handle the logical OR between list and patterns","duration":1,"failureMessages":[]},{"ancestorTitles":["","Pyre Praetorian: Immunological Defense (Lockdown Suite)","Content Auditing (Killing Audit mutants)"],"fullName":" Pyre Praetorian: Immunological Defense (Lockdown Suite) Content Auditing (Killing Audit mutants) should detect technical debt and strict zone violations","status":"passed","title":"should detect technical debt and strict zone violations","duration":1,"failureMessages":[]},{"ancestorTitles":["","Pyre Praetorian: Immunological Defense (Lockdown Suite)","Content Auditing (Killing Audit mutants)"],"fullName":" Pyre Praetorian: Immunological Defense (Lockdown Suite) Content Auditing (Killing Audit mutants) should detect assertionless tests","status":"passed","title":"should detect assertionless tests","duration":1,"failureMessages":[]},{"ancestorTitles":["","Pyre Praetorian: Immunological Defense (Lockdown Suite)","Content Auditing (Killing Audit mutants)"],"fullName":" Pyre Praetorian: Immunological Defense (Lockdown Suite) Content Auditing (Killing Audit mutants) should allow tests with either expect or assert","status":"passed","title":"should allow tests with either expect or assert","duration":0,"failureMessages":[]},{"ancestorTitles":["","Pyre Praetorian: Immunological Defense (Lockdown Suite)","Mutation Proof Auditing (Killing Mutation Logic mutants)"],"fullName":" Pyre Praetorian: Immunological Defense (Lockdown Suite) Mutation Proof Auditing (Killing Mutation Logic mutants) should detect WEAK_EVOLUTION (Killing NoCoverage & boundaries)","status":"passed","title":"should detect WEAK_EVOLUTION (Killing NoCoverage & boundaries)","duration":1,"failureMessages":[]},{"ancestorTitles":["","Pyre Praetorian: Immunological Defense (Lockdown Suite)","Mutation Proof Auditing (Killing Mutation Logic mutants)"],"fullName":" Pyre Praetorian: Immunological Defense (Lockdown Suite) Mutation Proof Auditing (Killing Mutation Logic mutants) should detect THEATER (Killing String/Math/Boundary mutants)","status":"passed","title":"should detect THEATER (Killing String/Math/Boundary mutants)","duration":1,"failureMessages":[]},{"ancestorTitles":["","Pyre Praetorian: Immunological Defense (Lockdown Suite)","Mutation Proof Auditing (Killing Mutation Logic mutants)"],"fullName":" Pyre Praetorian: Immunological Defense (Lockdown Suite) Mutation Proof Auditing (Killing Mutation Logic mutants) should handle Timeout as Killed","status":"passed","title":"should handle Timeout as Killed","duration":1,"failureMessages":[]},{"ancestorTitles":["","Pyre Praetorian: Immunological Defense (Lockdown Suite)","Medallion Scanning (Killing Loop & skip mutants)"],"fullName":" Pyre Praetorian: Immunological Defense (Lockdown Suite) Medallion Scanning (Killing Loop & skip mutants) should recurse subdirectories and detect missing tests","status":"passed","title":"should recurse subdirectories and detect missing tests","duration":1,"failureMessages":[]},{"ancestorTitles":["","Pyre Praetorian: Immunological Defense (Lockdown Suite)","Lockdown Execution"],"fullName":" Pyre Praetorian: Immunological Defense (Lockdown Suite) Lockdown Execution should return violations for enforcement (H-I behavior)","status":"passed","title":"should return violations for enforcement (H-I behavior)","duration":3,"failureMessages":[]},{"ancestorTitles":["","Pyre Praetorian: Immunological Defense (Lockdown Suite)","Lockdown Execution"],"fullName":" Pyre Praetorian: Immunological Defense (Lockdown Suite) Lockdown Execution should return success if no violations exist","status":"passed","title":"should return success if no violations exist","duration":0,"failureMessages":[]},{"ancestorTitles":["","Pyre Praetorian: Immunological Defense (Lockdown Suite)","Quine Commander: Surgical Mutant Kills (P5 Expansion)"],"fullName":" Pyre Praetorian: Immunological Defense (Lockdown Suite) Quine Commander: Surgical Mutant Kills (P5 Expansion) should strictly enforce regex boundaries in root patterns","status":"passed","title":"should strictly enforce regex boundaries in root patterns","duration":1,"failureMessages":[]},{"ancestorTitles":["","Pyre Praetorian: Immunological Defense (Lockdown Suite)","Quine Commander: Surgical Mutant Kills (P5 Expansion)"],"fullName":" Pyre Praetorian: Immunological Defense (Lockdown Suite) Quine Commander: Surgical Mutant Kills (P5 Expansion) should identify strict zones with surgical precision (Killing isStrictZone mutants)","status":"passed","title":"should identify strict zones with surgical precision (Killing isStrictZone mutants)","duration":1,"failureMessages":[]},{"ancestorTitles":["","Pyre Praetorian: Immunological Defense (Lockdown Suite)","Quine Commander: Surgical Mutant Kills (P5 Expansion)"],"fullName":" Pyre Praetorian: Immunological Defense (Lockdown Suite) Quine Commander: Surgical Mutant Kills (P5 Expansion) should kill negation mutants in isPermitted/isBespoke","status":"passed","title":"should kill negation mutants in isPermitted/isBespoke","duration":1,"failureMessages":[]},{"ancestorTitles":["","Pyre Praetorian: Immunological Defense (Lockdown Suite)","Quine Commander: Surgical Mutant Kills (P5 Expansion)"],"fullName":" Pyre Praetorian: Immunological Defense (Lockdown Suite) Quine Commander: Surgical Mutant Kills (P5 Expansion) should handle malformed mutation report metrics correctly","status":"passed","title":"should handle malformed mutation report metrics correctly","duration":1,"failureMessages":[]},{"ancestorTitles":["","Pyre Praetorian: Immunological Defense (Lockdown Suite)","Quine Commander: Surgical Mutant Kills (P5 Expansion)"],"fullName":" Pyre Praetorian: Immunological Defense (Lockdown Suite) Quine Commander: Surgical Mutant Kills (P5 Expansion) should kill survivors in scream and console formatting","status":"passed","title":"should kill survivors in scream and console formatting","duration":1,"failureMessages":[]},{"ancestorTitles":["","Pyre Praetorian: Immunological Defense (Lockdown Suite)","Quine Commander: Surgical Mutant Kills (P5 Expansion)"],"fullName":" Pyre Praetorian: Immunological Defense (Lockdown Suite) Quine Commander: Surgical Mutant Kills (P5 Expansion) should kill mutants in ALLOWED_ROOT_FILES by exhaustive check","status":"passed","title":"should kill mutants in ALLOWED_ROOT_FILES by exhaustive check","duration":19,"failureMessages":[]},{"ancestorTitles":["","Pyre Praetorian: Immunological Defense (Lockdown Suite)","Quine Commander: Surgical Mutant Kills (P5 Expansion)"],"fullName":" Pyre Praetorian: Immunological Defense (Lockdown Suite) Quine Commander: Surgical Mutant Kills (P5 Expansion) should kill mutants in checkMutationProof score comparisons","status":"passed","title":"should kill mutants in checkMutationProof score comparisons","duration":1,"failureMessages":[]}],"startTime":1767822710749,"endTime":1767822710817,"status":"passed","message":"","name":"C:/Dev/active/hfo_gen88/hot_obsidian_sandbox/bronze/P5_PYRE_PRAETORIAN/PYRE_PRAETORIAN.test.ts"},{"assertionResults":[{"ancestorTitles":["","P6 KRAKEN KEEPER - Property Tests","Property 18: MAP-ELITE Archive Invariant"],"fullName":" P6 KRAKEN KEEPER - Property Tests Property 18: MAP-ELITE Archive Invariant stored artifact has highest fitness in cell","status":"passed","title":"stored artifact has highest fitness in cell","duration":5,"failureMessages":[]},{"ancestorTitles":["","P6 KRAKEN KEEPER - Property Tests","Property 18: MAP-ELITE Archive Invariant"],"fullName":" P6 KRAKEN KEEPER - Property Tests Property 18: MAP-ELITE Archive Invariant empty cell accepts any entry","status":"passed","title":"empty cell accepts any entry","duration":1,"failureMessages":[]},{"ancestorTitles":["","P6 KRAKEN KEEPER - Property Tests","Property 18: MAP-ELITE Archive Invariant"],"fullName":" P6 KRAKEN KEEPER - Property Tests Property 18: MAP-ELITE Archive Invariant out-of-bounds cell is rejected","status":"passed","title":"out-of-bounds cell is rejected","duration":0,"failureMessages":[]},{"ancestorTitles":["","P6 KRAKEN KEEPER - Property Tests","Property 18: MAP-ELITE Archive Invariant"],"fullName":" P6 KRAKEN KEEPER - Property Tests Property 18: MAP-ELITE Archive Invariant archive tracks total entries correctly","status":"passed","title":"archive tracks total entries correctly","duration":1,"failureMessages":[]},{"ancestorTitles":["","P6 KRAKEN KEEPER - Property Tests","Archive Schema Validation"],"fullName":" P6 KRAKEN KEEPER - Property Tests Archive Schema Validation archive entry validates against schema","status":"passed","title":"archive entry validates against schema","duration":3,"failureMessages":[]},{"ancestorTitles":["","P6 KRAKEN KEEPER - Property Tests","Archive Schema Validation"],"fullName":" P6 KRAKEN KEEPER - Property Tests Archive Schema Validation archive validates against schema","status":"passed","title":"archive validates against schema","duration":1,"failureMessages":[]},{"ancestorTitles":["","P6 KRAKEN KEEPER - Property Tests","Archive Schema Validation"],"fullName":" P6 KRAKEN KEEPER - Property Tests Archive Schema Validation assimilation result validates against schema","status":"passed","title":"assimilation result validates against schema","duration":1,"failureMessages":[]},{"ancestorTitles":["","P6 KRAKEN KEEPER - Property Tests","Archive Query"],"fullName":" P6 KRAKEN KEEPER - Property Tests Archive Query queries by cell range","status":"passed","title":"queries by cell range","duration":2,"failureMessages":[]},{"ancestorTitles":["","P6 KRAKEN KEEPER - Property Tests","Archive Query"],"fullName":" P6 KRAKEN KEEPER - Property Tests Archive Query queries by minimum fitness","status":"passed","title":"queries by minimum fitness","duration":0,"failureMessages":[]},{"ancestorTitles":["","P6 KRAKEN KEEPER - Property Tests","Archive Query"],"fullName":" P6 KRAKEN KEEPER - Property Tests Archive Query respects query limit","status":"passed","title":"respects query limit","duration":1,"failureMessages":[]},{"ancestorTitles":["","P6 KRAKEN KEEPER - Property Tests","Archive Query"],"fullName":" P6 KRAKEN KEEPER - Property Tests Archive Query getElite returns undefined for empty cell","status":"passed","title":"getElite returns undefined for empty cell","duration":1,"failureMessages":[]},{"ancestorTitles":["","P6 KRAKEN KEEPER - Property Tests","Archive Query"],"fullName":" P6 KRAKEN KEEPER - Property Tests Archive Query getElite returns undefined for out-of-bounds","status":"passed","title":"getElite returns undefined for out-of-bounds","duration":0,"failureMessages":[]}],"startTime":1767822710700,"endTime":1767822710716,"status":"passed","message":"","name":"C:/Dev/active/hfo_gen88/hot_obsidian_sandbox/bronze/P6_KRAKEN_KEEPER/KRAKEN_KEEPER.property.test.ts"},{"assertionResults":[{"ancestorTitles":["","Property 15: Hybrid Consensus Correctness"],"fullName":" Property 15: Hybrid Consensus Correctness returns hybrid_agree when critique matches weighted majority","status":"passed","title":"returns hybrid_agree when critique matches weighted majority","duration":33,"failureMessages":[]},{"ancestorTitles":["","Property 15: Hybrid Consensus Correctness"],"fullName":" Property 15: Hybrid Consensus Correctness returns weighted_majority when agreement >= 50% and critique disagrees","status":"passed","title":"returns weighted_majority when agreement >= 50% and critique disagrees","duration":22,"failureMessages":[]},{"ancestorTitles":["","Property 15: Hybrid Consensus Correctness"],"fullName":" Property 15: Hybrid Consensus Correctness returns critique_confident when low agreement but high critique confidence","status":"passed","title":"returns critique_confident when low agreement but high critique confidence","duration":7,"failureMessages":[]},{"ancestorTitles":["","Property 15: Hybrid Consensus Correctness"],"fullName":" Property 15: Hybrid Consensus Correctness always returns a valid consensus method","status":"passed","title":"always returns a valid consensus method","duration":17,"failureMessages":[]},{"ancestorTitles":["","Property 13: Workflow Pairing Correctness","HIVE/8 Anti-Diagonal Pairings"],"fullName":" Property 13: Workflow Pairing Correctness HIVE/8 Anti-Diagonal Pairings H phase uses ports 0+7 (anti-diagonal)","status":"passed","title":"H phase uses ports 0+7 (anti-diagonal)","duration":0,"failureMessages":[]},{"ancestorTitles":["","Property 13: Workflow Pairing Correctness","HIVE/8 Anti-Diagonal Pairings"],"fullName":" Property 13: Workflow Pairing Correctness HIVE/8 Anti-Diagonal Pairings I phase uses ports 1+6 (anti-diagonal)","status":"passed","title":"I phase uses ports 1+6 (anti-diagonal)","duration":0,"failureMessages":[]},{"ancestorTitles":["","Property 13: Workflow Pairing Correctness","HIVE/8 Anti-Diagonal Pairings"],"fullName":" Property 13: Workflow Pairing Correctness HIVE/8 Anti-Diagonal Pairings V phase uses ports 2+5 (anti-diagonal)","status":"passed","title":"V phase uses ports 2+5 (anti-diagonal)","duration":0,"failureMessages":[]},{"ancestorTitles":["","Property 13: Workflow Pairing Correctness","HIVE/8 Anti-Diagonal Pairings"],"fullName":" Property 13: Workflow Pairing Correctness HIVE/8 Anti-Diagonal Pairings E phase uses ports 3+4 (anti-diagonal)","status":"passed","title":"E phase uses ports 3+4 (anti-diagonal)","duration":0,"failureMessages":[]},{"ancestorTitles":["","Property 13: Workflow Pairing Correctness","HIVE/8 Anti-Diagonal Pairings"],"fullName":" Property 13: Workflow Pairing Correctness HIVE/8 Anti-Diagonal Pairings all HIVE pairings satisfy anti-diagonal property (sum = 7)","status":"passed","title":"all HIVE pairings satisfy anti-diagonal property (sum = 7)","duration":1,"failureMessages":[]},{"ancestorTitles":["","Property 13: Workflow Pairing Correctness","HIVE/8 Anti-Diagonal Pairings"],"fullName":" Property 13: Workflow Pairing Correctness HIVE/8 Anti-Diagonal Pairings rejects incorrect HIVE pairings","status":"passed","title":"rejects incorrect HIVE pairings","duration":1,"failureMessages":[]},{"ancestorTitles":["","Property 13: Workflow Pairing Correctness","PREY/8 Serpentine Pairings"],"fullName":" Property 13: Workflow Pairing Correctness PREY/8 Serpentine Pairings P phase uses ports 0+6 (serpentine)","status":"passed","title":"P phase uses ports 0+6 (serpentine)","duration":0,"failureMessages":[]},{"ancestorTitles":["","Property 13: Workflow Pairing Correctness","PREY/8 Serpentine Pairings"],"fullName":" Property 13: Workflow Pairing Correctness PREY/8 Serpentine Pairings R phase uses ports 1+7 (serpentine)","status":"passed","title":"R phase uses ports 1+7 (serpentine)","duration":1,"failureMessages":[]},{"ancestorTitles":["","Property 13: Workflow Pairing Correctness","PREY/8 Serpentine Pairings"],"fullName":" Property 13: Workflow Pairing Correctness PREY/8 Serpentine Pairings E phase uses ports 2+4 (serpentine)","status":"passed","title":"E phase uses ports 2+4 (serpentine)","duration":0,"failureMessages":[]},{"ancestorTitles":["","Property 13: Workflow Pairing Correctness","PREY/8 Serpentine Pairings"],"fullName":" Property 13: Workflow Pairing Correctness PREY/8 Serpentine Pairings Y phase uses ports 3+5 (serpentine)","status":"passed","title":"Y phase uses ports 3+5 (serpentine)","duration":0,"failureMessages":[]},{"ancestorTitles":["","Property 13: Workflow Pairing Correctness","PREY/8 Serpentine Pairings"],"fullName":" Property 13: Workflow Pairing Correctness PREY/8 Serpentine Pairings all PREY pairings are valid","status":"passed","title":"all PREY pairings are valid","duration":1,"failureMessages":[]},{"ancestorTitles":["","Property 13: Workflow Pairing Correctness","PREY/8 Serpentine Pairings"],"fullName":" Property 13: Workflow Pairing Correctness PREY/8 Serpentine Pairings rejects incorrect PREY pairings","status":"passed","title":"rejects incorrect PREY pairings","duration":0,"failureMessages":[]},{"ancestorTitles":["","Property 16: Decision Schema Validation"],"fullName":" Property 16: Decision Schema Validation valid decisions pass schema validation","status":"passed","title":"valid decisions pass schema validation","duration":32,"failureMessages":[]},{"ancestorTitles":["","Property 16: Decision Schema Validation"],"fullName":" Property 16: Decision Schema Validation decisions with invalid method fail validation","status":"passed","title":"decisions with invalid method fail validation","duration":16,"failureMessages":[]},{"ancestorTitles":["","Property 16: Decision Schema Validation"],"fullName":" Property 16: Decision Schema Validation valid votes pass schema validation","status":"passed","title":"valid votes pass schema validation","duration":5,"failureMessages":[]}],"startTime":1767822711201,"endTime":1767822711339,"status":"passed","message":"","name":"C:/Dev/active/hfo_gen88/hot_obsidian_sandbox/bronze/P7_SPIDER_SOVEREIGN/SPIDER_SOVEREIGN.property.test.ts"},{"assertionResults":[{"ancestorTitles":[""],"fullName":" x","status":"passed","title":"x","duration":1,"failureMessages":[]}],"startTime":1767822711243,"endTime":1767822711244,"status":"passed","message":"","name":"C:/Dev/active/hfo_gen88/hot_obsidian_sandbox/bronze/P4_RED_REGNANT/silver_sim/logic.test.ts"},{"assertionResults":[],"startTime":1767822709675,"endTime":1767822709675,"status":"failed","message":"No test suite found in file C:/Dev/active/hfo_gen88/hot_obsidian_sandbox/bronze/P4_RED_REGNANT/test_root_mutation/logic.test.ts","name":"C:/Dev/active/hfo_gen88/hot_obsidian_sandbox/bronze/P4_RED_REGNANT/test_root_mutation/logic.test.ts"},{"assertionResults":[],"startTime":1767822709675,"endTime":1767822709675,"status":"failed","message":"No test suite found in file C:/Dev/active/hfo_gen88/hot_obsidian_sandbox/bronze/P4_RED_REGNANT/test_root_mutation/silver/logic.test.ts","name":"C:/Dev/active/hfo_gen88/hot_obsidian_sandbox/bronze/P4_RED_REGNANT/test_root_mutation/silver/logic.test.ts"}]}
